[  0%] Built target dynamic_reconfigure_generate_messages_eus
[  0%] Built target dynamic_reconfigure_generate_messages_nodejs
[  0%] Built target dynamic_reconfigure_generate_messages_cpp
[  0%] Built target melew3_msgs_generate_messages_lisp
[  0%] Built target melew3_control_gencfg
[  0%] Built target dynamic_reconfigure_generate_messages_lisp
[  0%] Built target dynamic_reconfigure_gencfg
[  0%] Built target geometry_msgs_generate_messages_nodejs
[  0%] Built target geometry_msgs_generate_messages_py
[  0%] Built target roscpp_generate_messages_nodejs
[  0%] Built target geometry_msgs_generate_messages_lisp
[  0%] Built target rosgraph_msgs_generate_messages_eus
[  0%] Built target melew3_msgs_generate_messages_py
[  0%] Built target std_msgs_generate_messages_eus
[  0%] Built target geometry_msgs_generate_messages_cpp
[  0%] Built target melew3_msgs_generate_messages_nodejs
[  0%] Built target rosgraph_msgs_generate_messages_nodejs
[  0%] Built target rosgraph_msgs_generate_messages_py
[  0%] Built target rosgraph_msgs_generate_messages_lisp
[  0%] Built target rosgraph_msgs_generate_messages_cpp
[  0%] Built target roscpp_generate_messages_cpp
[  0%] Built target controller_manager_msgs_generate_messages_nodejs
[  0%] Built target dynamic_reconfigure_generate_messages_py
[  0%] Built target std_msgs_generate_messages_lisp
[  0%] Built target roscpp_generate_messages_py
[  0%] Built target controller_manager_msgs_generate_messages_cpp
[  0%] Built target roscpp_generate_messages_eus
[  0%] Built target melew3_msgs_generate_messages_eus
[  0%] Built target std_msgs_generate_messages_cpp
[  0%] Built target controller_manager_msgs_generate_messages_lisp
[  0%] Built target std_msgs_generate_messages_nodejs
[  0%] Built target geometry_msgs_generate_messages_eus
[  0%] Built target std_msgs_generate_messages_py
[  0%] Built target melew3_msgs_generate_messages_cpp
[  0%] Built target controller_manager_msgs_generate_messages_eus
[  0%] Built target roscpp_generate_messages_lisp
[  0%] Built target controller_manager_msgs_generate_messages_py
[  3%] Built target running
[  5%] Built target zmp_generator_node
[  7%] Built target pi_jumping
[ 10%] Built target z_jumping
[ 14%] Built target body_tilt_jumping
[ 18%] Built target AM_jumping
[ 22%] Built target jumping
[ 24%] Built target izmp_calculator_node
[ 28%] Built target zmp_preview_controller_node
[ 30%] Built target zmp_calculator_node
[ 35%] Built target lw_walk
[ 38%] Built target walk
[ 38%] Built target MELEW3_control
[ 40%] Built target body_tilt_wheel_running
[ 44%] Built target melew_wheel_controller_node
[ 46%] Built target low_posture
[ 48%] Built target wheel_running
[ 50%] Built target slide
[ 52%] Built target body_yaw_sine_wave
[ 58%] Built target z_sine_wave
[ 58%] Built target body_pitch_tilt
[ 59%] Built target trans
[35m[1mScanning dependencies of target turning2[0m
[ 62%] Built target dancing
[ 65%] Built target psi_sine_wave
[ 68%] Built target wr_z_sine
[ 71%] Built target wheel_running_several
[ 75%] Built target x_sine_wave
[ 75%] Built target turning
[ 77%] Built target leg_turning
[ 80%] Built target trans2
[ 82%] Built target y_sine_wave
[ 84%] Built target offline
[ 86%] Built target trans3
[ 87%] Built target plot_sne_contour
[ 88%] Built target plot_sne_contour2
[ 89%] Built target plot_sne_contour3
[ 91%] Built target turning1
[ 96%] Built target wheel_controller
[ 97%] [32mBuilding CXX object src/controllers/CMakeFiles/turning2.dir/__/basic_op.cpp.o[0m
[ 97%] [32mBuilding CXX object src/controllers/CMakeFiles/turning2.dir/turning2.cpp.o[0m
[ 97%] [32mBuilding CXX object src/controllers/CMakeFiles/turning2.dir/BaseController.cpp.o[0m
[ 98%] [32mBuilding CXX object src/controllers/CMakeFiles/turning2.dir/__/utils.cpp.o[0m
[ 98%] [32mBuilding CXX object src/controllers/CMakeFiles/turning2.dir/__/MELEW3_kinematics/MELEW3_Kinematics.cpp.o[0m
[100%] [32m[1mLinking CXX executable /home/mrp/catkin_ws/devel/.private/melew3_control/lib/melew3_control/turning2[0m
[100%] Built target turning2
