Linked: (/home/mrp/catkin_ws/devel/.private/melew3_control/share/melew3_control/docs/joint_pd_gainConfig-usage.dox, /home/mrp/catkin_ws/devel/share/melew3_control/docs/joint_pd_gainConfig-usage.dox)
Linked: (/home/mrp/catkin_ws/devel/.private/melew3_control/share/melew3_control/docs/joint_pd_gainConfig.wikidoc, /home/mrp/catkin_ws/devel/share/melew3_control/docs/joint_pd_gainConfig.wikidoc)
Linked: (/home/mrp/catkin_ws/devel/.private/melew3_control/share/melew3_control/docs/joint_pd_gainConfig.dox, /home/mrp/catkin_ws/devel/share/melew3_control/docs/joint_pd_gainConfig.dox)
Linked: (/home/mrp/catkin_ws/devel/.private/melew3_control/share/melew3_control/cmake/melew3_controlConfig-version.cmake, /home/mrp/catkin_ws/devel/share/melew3_control/cmake/melew3_controlConfig-version.cmake)
Linked: (/home/mrp/catkin_ws/devel/.private/melew3_control/share/melew3_control/cmake/melew3_controlConfig.cmake, /home/mrp/catkin_ws/devel/share/melew3_control/cmake/melew3_controlConfig.cmake)
Linked: (/home/mrp/catkin_ws/devel/.private/melew3_control/include/melew3_control/joint_pd_gainConfig.h, /home/mrp/catkin_ws/devel/include/melew3_control/joint_pd_gainConfig.h)
Linked: (/home/mrp/catkin_ws/devel/.private/melew3_control/lib/melew3_control/psi_sine_wave, /home/mrp/catkin_ws/devel/lib/melew3_control/psi_sine_wave)
Linked: (/home/mrp/catkin_ws/devel/.private/melew3_control/lib/melew3_control/x_sine_wave, /home/mrp/catkin_ws/devel/lib/melew3_control/x_sine_wave)
Linked: (/home/mrp/catkin_ws/devel/.private/melew3_control/lib/melew3_control/melew_wheel_controller_node, /home/mrp/catkin_ws/devel/lib/melew3_control/melew_wheel_controller_node)
Linked: (/home/mrp/catkin_ws/devel/.private/melew3_control/lib/melew3_control/leg_turning, /home/mrp/catkin_ws/devel/lib/melew3_control/leg_turning)
Linked: (/home/mrp/catkin_ws/devel/.private/melew3_control/lib/melew3_control/zmp_generator_node, /home/mrp/catkin_ws/devel/lib/melew3_control/zmp_generator_node)
Linked: (/home/mrp/catkin_ws/devel/.private/melew3_control/lib/melew3_control/wr_z_sine, /home/mrp/catkin_ws/devel/lib/melew3_control/wr_z_sine)
Linked: (/home/mrp/catkin_ws/devel/.private/melew3_control/lib/melew3_control/turning, /home/mrp/catkin_ws/devel/lib/melew3_control/turning)
Linked: (/home/mrp/catkin_ws/devel/.private/melew3_control/lib/melew3_control/y_sine_wave, /home/mrp/catkin_ws/devel/lib/melew3_control/y_sine_wave)
Linked: (/home/mrp/catkin_ws/devel/.private/melew3_control/lib/melew3_control/trans, /home/mrp/catkin_ws/devel/lib/melew3_control/trans)
Linked: (/home/mrp/catkin_ws/devel/.private/melew3_control/lib/melew3_control/dancing, /home/mrp/catkin_ws/devel/lib/melew3_control/dancing)
Linked: (/home/mrp/catkin_ws/devel/.private/melew3_control/lib/melew3_control/trans3, /home/mrp/catkin_ws/devel/lib/melew3_control/trans3)
Linked: (/home/mrp/catkin_ws/devel/.private/melew3_control/lib/melew3_control/body_pitch_tilt, /home/mrp/catkin_ws/devel/lib/melew3_control/body_pitch_tilt)
Linked: (/home/mrp/catkin_ws/devel/.private/melew3_control/lib/melew3_control/zmp_preview_controller_node, /home/mrp/catkin_ws/devel/lib/melew3_control/zmp_preview_controller_node)
Linked: (/home/mrp/catkin_ws/devel/.private/melew3_control/lib/melew3_control/running, /home/mrp/catkin_ws/devel/lib/melew3_control/running)
Linked: (/home/mrp/catkin_ws/devel/.private/melew3_control/lib/melew3_control/pi_jumping, /home/mrp/catkin_ws/devel/lib/melew3_control/pi_jumping)
Linked: (/home/mrp/catkin_ws/devel/.private/melew3_control/lib/melew3_control/body_tilt_jumping, /home/mrp/catkin_ws/devel/lib/melew3_control/body_tilt_jumping)
Linked: (/home/mrp/catkin_ws/devel/.private/melew3_control/lib/melew3_control/plot_sne_contour2, /home/mrp/catkin_ws/devel/lib/melew3_control/plot_sne_contour2)
Linked: (/home/mrp/catkin_ws/devel/.private/melew3_control/lib/melew3_control/body_yaw_sine_wave, /home/mrp/catkin_ws/devel/lib/melew3_control/body_yaw_sine_wave)
Linked: (/home/mrp/catkin_ws/devel/.private/melew3_control/lib/melew3_control/wheel_running_several, /home/mrp/catkin_ws/devel/lib/melew3_control/wheel_running_several)
Linked: (/home/mrp/catkin_ws/devel/.private/melew3_control/lib/melew3_control/z_sine_wave, /home/mrp/catkin_ws/devel/lib/melew3_control/z_sine_wave)
Linked: (/home/mrp/catkin_ws/devel/.private/melew3_control/lib/melew3_control/zmp_calculator_node, /home/mrp/catkin_ws/devel/lib/melew3_control/zmp_calculator_node)
Linked: (/home/mrp/catkin_ws/devel/.private/melew3_control/lib/melew3_control/wheel_running, /home/mrp/catkin_ws/devel/lib/melew3_control/wheel_running)
Linked: (/home/mrp/catkin_ws/devel/.private/melew3_control/lib/melew3_control/body_tilt_wheel_running, /home/mrp/catkin_ws/devel/lib/melew3_control/body_tilt_wheel_running)
Linked: (/home/mrp/catkin_ws/devel/.private/melew3_control/lib/melew3_control/MELEW3_control, /home/mrp/catkin_ws/devel/lib/melew3_control/MELEW3_control)
Linked: (/home/mrp/catkin_ws/devel/.private/melew3_control/lib/melew3_control/walk, /home/mrp/catkin_ws/devel/lib/melew3_control/walk)
Linked: (/home/mrp/catkin_ws/devel/.private/melew3_control/lib/melew3_control/wheel_controller, /home/mrp/catkin_ws/devel/lib/melew3_control/wheel_controller)
Linked: (/home/mrp/catkin_ws/devel/.private/melew3_control/lib/melew3_control/offline, /home/mrp/catkin_ws/devel/lib/melew3_control/offline)
Linked: (/home/mrp/catkin_ws/devel/.private/melew3_control/lib/melew3_control/lw_walk, /home/mrp/catkin_ws/devel/lib/melew3_control/lw_walk)
Linked: (/home/mrp/catkin_ws/devel/.private/melew3_control/lib/melew3_control/slide, /home/mrp/catkin_ws/devel/lib/melew3_control/slide)
Linked: (/home/mrp/catkin_ws/devel/.private/melew3_control/lib/melew3_control/jumping, /home/mrp/catkin_ws/devel/lib/melew3_control/jumping)
Linked: (/home/mrp/catkin_ws/devel/.private/melew3_control/lib/melew3_control/AM_jumping, /home/mrp/catkin_ws/devel/lib/melew3_control/AM_jumping)
Linked: (/home/mrp/catkin_ws/devel/.private/melew3_control/lib/melew3_control/plot_sne_contour, /home/mrp/catkin_ws/devel/lib/melew3_control/plot_sne_contour)
Linked: (/home/mrp/catkin_ws/devel/.private/melew3_control/lib/melew3_control/trans2, /home/mrp/catkin_ws/devel/lib/melew3_control/trans2)
Linked: (/home/mrp/catkin_ws/devel/.private/melew3_control/lib/melew3_control/plot_sne_contour3, /home/mrp/catkin_ws/devel/lib/melew3_control/plot_sne_contour3)
Linked: (/home/mrp/catkin_ws/devel/.private/melew3_control/lib/melew3_control/turning1, /home/mrp/catkin_ws/devel/lib/melew3_control/turning1)
Linked: (/home/mrp/catkin_ws/devel/.private/melew3_control/lib/melew3_control/izmp_calculator_node, /home/mrp/catkin_ws/devel/lib/melew3_control/izmp_calculator_node)
Linked: (/home/mrp/catkin_ws/devel/.private/melew3_control/lib/melew3_control/low_posture, /home/mrp/catkin_ws/devel/lib/melew3_control/low_posture)
Linked: (/home/mrp/catkin_ws/devel/.private/melew3_control/lib/melew3_control/z_jumping, /home/mrp/catkin_ws/devel/lib/melew3_control/z_jumping)
Symlinking /home/mrp/catkin_ws/devel/lib/melew3_control/turning2
Linked: (/home/mrp/catkin_ws/devel/.private/melew3_control/lib/pkgconfig/melew3_control.pc, /home/mrp/catkin_ws/devel/lib/pkgconfig/melew3_control.pc)
Linked: (/home/mrp/catkin_ws/devel/.private/melew3_control/lib/python3/dist-packages/melew3_control/__init__.py, /home/mrp/catkin_ws/devel/lib/python3/dist-packages/melew3_control/__init__.py)
Linked: (/home/mrp/catkin_ws/devel/.private/melew3_control/lib/python3/dist-packages/melew3_control/cfg/joint_pd_gainConfig.py, /home/mrp/catkin_ws/devel/lib/python3/dist-packages/melew3_control/cfg/joint_pd_gainConfig.py)
Linked: (/home/mrp/catkin_ws/devel/.private/melew3_control/lib/python3/dist-packages/melew3_control/cfg/__init__.py, /home/mrp/catkin_ws/devel/lib/python3/dist-packages/melew3_control/cfg/__init__.py)
