[  0%] Built target roscpp_generate_messages_nodejs
[  0%] Built target dynamic_reconfigure_generate_messages_lisp
[  0%] Built target dynamic_reconfigure_generate_messages_cpp
[  0%] Built target dynamic_reconfigure_gencfg
[  0%] Built target melew3_msgs_generate_messages_py
[  0%] Built target geometry_msgs_generate_messages_nodejs
[  0%] Built target melew3_msgs_generate_messages_lisp
[  0%] Built target geometry_msgs_generate_messages_lisp
[  0%] Built target geometry_msgs_generate_messages_cpp
[  0%] Built target std_msgs_generate_messages_eus
[  0%] Built target dynamic_reconfigure_generate_messages_eus
[  0%] Built target dynamic_reconfigure_generate_messages_nodejs
[  0%] Built target geometry_msgs_generate_messages_py
[  0%] Built target melew3_control_gencfg
[  0%] Built target rosgraph_msgs_generate_messages_eus
[  0%] Built target controller_manager_msgs_generate_messages_nodejs
[  0%] Built target melew3_msgs_generate_messages_nodejs
[  0%] Built target rosgraph_msgs_generate_messages_lisp
[  0%] Built target roscpp_generate_messages_cpp
[  0%] Built target roscpp_generate_messages_eus
[  0%] Built target rosgraph_msgs_generate_messages_py
[  0%] Built target rosgraph_msgs_generate_messages_cpp
[  0%] Built target rosgraph_msgs_generate_messages_nodejs
[  0%] Built target roscpp_generate_messages_py
[  0%] Built target dynamic_reconfigure_generate_messages_py
[  0%] Built target controller_manager_msgs_generate_messages_lisp
[  0%] Built target controller_manager_msgs_generate_messages_cpp
[  0%] Built target std_msgs_generate_messages_lisp
[  0%] Built target std_msgs_generate_messages_cpp
[  0%] Built target melew3_msgs_generate_messages_eus
[  0%] Built target melew3_msgs_generate_messages_cpp
[  0%] Built target std_msgs_generate_messages_nodejs
[  0%] Built target std_msgs_generate_messages_py
[  0%] Built target geometry_msgs_generate_messages_eus
[  0%] Built target controller_manager_msgs_generate_messages_py
[  0%] Built target controller_manager_msgs_generate_messages_eus
[  0%] Built target roscpp_generate_messages_lisp
[  3%] Built target z_jumping
[  6%] Built target pi_jumping
[  7%] Built target zmp_generator_node
[ 12%] Built target AM_jumping
[ 16%] Built target jumping
[ 18%] Built target running
[ 22%] Built target body_tilt_jumping
[ 24%] Built target MELEW3_control
[ 28%] Built target zmp_preview_controller_node
[ 30%] Built target body_tilt_wheel_running
[ 34%] Built target lw_walk
[ 38%] Built target izmp_calculator_node
[ 38%] Built target walk
[ 42%] Built target melew_wheel_controller_node
[ 44%] Built target zmp_calculator_node
[ 46%] Built target slide
[ 48%] Built target body_yaw_sine_wave
[ 50%] Built target low_posture
[ 52%] Built target wheel_running
[ 54%] Built target body_pitch_tilt
[ 57%] Built target psi_sine_wave
[ 60%] Built target dancing
[ 62%] Built target trans
[ 65%] Built target z_sine_wave
[ 68%] Built target wr_z_sine
[35m[1mScanning dependencies of target turning2[0m
[ 71%] Built target wheel_running_several
[ 73%] Built target x_sine_wave
[ 75%] Built target turning
[ 78%] Built target trans2
[ 80%] Built target y_sine_wave
[ 82%] Built target offline
[ 84%] Built target trans3
[ 85%] Built target plot_sne_contour
[ 87%] Built target leg_turning
[ 89%] Built target plot_sne_contour3
[ 89%] Built target plot_sne_contour2
[ 91%] Built target turning1
[ 92%] [32mBuilding CXX object src/controllers/CMakeFiles/turning2.dir/turning2.cpp.o[0m
[ 97%] Built target wheel_controller
[ 98%] [32m[1mLinking CXX executable /home/mrp/catkin_ws/devel/.private/melew3_control/lib/melew3_control/turning2[0m
[100%] Built target turning2
