[  0%] Built target dynamic_reconfigure_generate_messages_eus
[  0%] Built target dynamic_reconfigure_generate_messages_nodejs
[  0%] Built target melew3_msgs_generate_messages_lisp
[  1%] Built target dynamic_reconfigure_generate_messages_lisp
[  1%] Built target dynamic_reconfigure_generate_messages_cpp
[  1%] Built target melew3_control_gencfg
[  0%] Built target dynamic_reconfigure_gencfg
[  1%] Built target geometry_msgs_generate_messages_py
[  1%] Built target geometry_msgs_generate_messages_lisp
[  1%] Built target geometry_msgs_generate_messages_cpp
[  1%] Built target geometry_msgs_generate_messages_nodejs
[  1%] Built target melew3_msgs_generate_messages_py
[  1%] Built target rosgraph_msgs_generate_messages_eus
[  1%] Built target roscpp_generate_messages_nodejs
[  1%] Built target std_msgs_generate_messages_eus
[  1%] Built target roscpp_generate_messages_py
[  1%] Built target melew3_msgs_generate_messages_nodejs
[  1%] Built target roscpp_generate_messages_eus
[  1%] Built target rosgraph_msgs_generate_messages_py
[  1%] Built target rosgraph_msgs_generate_messages_cpp
[  1%] Built target roscpp_generate_messages_cpp
[  1%] Built target dynamic_reconfigure_generate_messages_py
[  1%] Built target controller_manager_msgs_generate_messages_lisp
[  1%] Built target controller_manager_msgs_generate_messages_cpp
[  1%] Built target rosgraph_msgs_generate_messages_nodejs
[  1%] Built target controller_manager_msgs_generate_messages_nodejs
[  1%] Built target std_msgs_generate_messages_lisp
[  1%] Built target melew3_msgs_generate_messages_eus
[  1%] Built target std_msgs_generate_messages_cpp
[  1%] Built target rosgraph_msgs_generate_messages_lisp
[  1%] Built target geometry_msgs_generate_messages_eus
[  1%] Built target std_msgs_generate_messages_py
[  1%] Built target std_msgs_generate_messages_nodejs
[  1%] Built target roscpp_generate_messages_lisp
[  1%] Built target controller_manager_msgs_generate_messages_py
[  1%] Built target melew3_msgs_generate_messages_cpp
[  1%] Built target controller_manager_msgs_generate_messages_eus
[  3%] Built target zmp_generator_node
[  6%] Built target pi_jumping
[  9%] Built target z_jumping
[ 12%] Built target running
[ 20%] Built target jumping
[ 20%] Built target body_tilt_jumping
[ 24%] Built target zmp_preview_controller_node
[ 28%] Built target AM_jumping
[ 29%] Built target zmp_calculator_node
[ 31%] Built target izmp_calculator_node
[ 36%] Built target offline
[ 36%] Built target MELEW3_control
[ 38%] Built target trans3
[35m[1mScanning dependencies of target turning1[0m
[ 40%] Built target trans2
[ 44%] Built target melew_wheel_controller_node
[ 47%] Built target leg_turning
[ 50%] Built target turning
[ 52%] Built target x_sine_wave
[ 54%] Built target wheel_running_several
[ 57%] Built target wr_z_sine
[ 60%] Built target trans
[ 60%] [32mBuilding CXX object src/controllers/CMakeFiles/turning1.dir/turning1.cpp.o[0m
[ 63%] Built target dancing
[ 65%] Built target psi_sine_wave
[ 68%] Built target y_sine_wave
[ 70%] Built target wheel_running
[ 72%] Built target z_sine_wave
[ 74%] Built target body_yaw_sine_wave
[ 76%] Built target low_posture
[ 79%] Built target body_tilt_wheel_running
[ 81%] Built target body_pitch_tilt
[ 83%] Built target plot_sne_contour3
[ 85%] Built target walk
[ 87%] Built target slide
[ 89%] Built target lw_walk
[ 90%] Built target plot_sne_contour2
[ 91%] Built target plot_sne_contour
[ 97%] Built target wheel_controller
[ 98%] [32m[1mLinking CXX executable /home/mrp/catkin_ws/devel/.private/melew3_control/lib/melew3_control/turning1[0m
[100%] Built target turning1
