[  0%] Built target geometry_msgs_generate_messages_nodejs
[  0%] Built target dynamic_reconfigure_gencfg
[  0%] Built target melew3_msgs_generate_messages_lisp
[  0%] Built target dynamic_reconfigure_generate_messages_lisp
[  1%] Built target melew3_control_gencfg
[  1%] Built target dynamic_reconfigure_generate_messages_eus
[  1%] Built target dynamic_reconfigure_generate_messages_cpp
[  1%] Built target std_msgs_generate_messages_eus
[  1%] Built target geometry_msgs_generate_messages_cpp
[  1%] Built target geometry_msgs_generate_messages_lisp
[  1%] Built target dynamic_reconfigure_generate_messages_nodejs
[  1%] Built target rosgraph_msgs_generate_messages_eus
[  1%] Built target geometry_msgs_generate_messages_py
[  1%] Built target roscpp_generate_messages_nodejs
[  1%] Built target melew3_msgs_generate_messages_py
[  1%] Built target controller_manager_msgs_generate_messages_cpp
[  1%] Built target melew3_msgs_generate_messages_nodejs
[  1%] Built target roscpp_generate_messages_eus
[  1%] Built target roscpp_generate_messages_cpp
[  1%] Built target roscpp_generate_messages_py
[  1%] Built target rosgraph_msgs_generate_messages_py
[  1%] Built target rosgraph_msgs_generate_messages_lisp
[  1%] Built target dynamic_reconfigure_generate_messages_py
[  1%] Built target controller_manager_msgs_generate_messages_lisp
[  1%] Built target std_msgs_generate_messages_lisp
[  1%] Built target rosgraph_msgs_generate_messages_nodejs
[  1%] Built target rosgraph_msgs_generate_messages_cpp
[  1%] Built target controller_manager_msgs_generate_messages_nodejs
[  1%] Built target melew3_msgs_generate_messages_eus
[  1%] Built target melew3_msgs_generate_messages_cpp
[  1%] Built target std_msgs_generate_messages_nodejs
[  1%] Built target geometry_msgs_generate_messages_eus
[  1%] Built target std_msgs_generate_messages_py
[  1%] Built target std_msgs_generate_messages_cpp
[  1%] Built target controller_manager_msgs_generate_messages_py
[  1%] Built target roscpp_generate_messages_lisp
[  1%] Built target controller_manager_msgs_generate_messages_eus
[  7%] Built target running
[  8%] Built target pi_jumping
[ 11%] Built target z_jumping
[ 13%] Built target zmp_generator_node
[ 26%] Built target AM_jumping
[ 26%] Built target jumping
[ 26%] Built target body_tilt_jumping
[ 28%] Built target MELEW3_control
[ 32%] Built target izmp_calculator_node
[ 32%] Built target offline
[ 35%] Built target zmp_calculator_node
[35m[1mScanning dependencies of target turning[0m
[ 38%] Built target trans3
[ 40%] Built target trans2
[ 44%] Built target zmp_preview_controller_node
[ 48%] Built target melew_wheel_controller_node
[ 50%] Built target x_sine_wave
[ 56%] Built target leg_turning
[ 61%] Built target trans
[ 61%] Built target y_sine_wave
[ 53%] Built target wheel_running_several
[ 63%] Built target z_sine_wave
[ 67%] Built target dancing
[ 67%] [32mBuilding CXX object src/controllers/CMakeFiles/turning.dir/turning.cpp.o[0m
[ 69%] Built target wheel_running
[ 73%] Built target body_tilt_wheel_running
[ 73%] Built target wr_z_sine
[ 75%] Built target psi_sine_wave
[ 79%] Built target body_yaw_sine_wave
[ 79%] Built target body_pitch_tilt
[ 81%] Built target low_posture
[ 83%] Built target lw_walk
[ 85%] Built target walk
[ 86%] Built target plot_sne_contour3
[ 86%] Built target plot_sne_contour
[ 89%] Built target slide
[ 91%] Built target plot_sne_contour2
[ 97%] Built target wheel_controller
[ 97%] [32m[1mLinking CXX executable /home/mrp/catkin_ws/devel/.private/melew3_control/lib/melew3_control/turning[0m
[100%] Built target turning
