[  0%] Built target dynamic_reconfigure_generate_messages_lisp
[  0%] Built target melew3_msgs_generate_messages_py
[  0%] Built target melew3_msgs_generate_messages_lisp
[  0%] Built target geometry_msgs_generate_messages_cpp
[  0%] Built target dynamic_reconfigure_generate_messages_nodejs
[  0%] Built target melew3_control_gencfg
[  0%] Built target geometry_msgs_generate_messages_py
[  0%] Built target geometry_msgs_generate_messages_lisp
[  0%] Built target roscpp_generate_messages_nodejs
[  0%] Built target geometry_msgs_generate_messages_nodejs
[  0%] Built target rosgraph_msgs_generate_messages_eus
[  0%] Built target dynamic_reconfigure_gencfg
[  0%] Built target dynamic_reconfigure_generate_messages_cpp
[  0%] Built target std_msgs_generate_messages_eus
[  0%] Built target dynamic_reconfigure_generate_messages_eus
[  0%] Built target rosgraph_msgs_generate_messages_lisp
[  0%] Built target rosgraph_msgs_generate_messages_cpp
[  0%] Built target rosgraph_msgs_generate_messages_nodejs
[  0%] Built target roscpp_generate_messages_cpp
[  0%] Built target melew3_msgs_generate_messages_nodejs
[  0%] Built target controller_manager_msgs_generate_messages_nodejs
[  0%] Built target roscpp_generate_messages_eus
[  0%] Built target rosgraph_msgs_generate_messages_py
[  0%] Built target std_msgs_generate_messages_lisp
[  0%] Built target dynamic_reconfigure_generate_messages_py
[  0%] Built target melew3_msgs_generate_messages_eus
[  0%] Built target controller_manager_msgs_generate_messages_cpp
[  0%] Built target controller_manager_msgs_generate_messages_lisp
[  0%] Built target roscpp_generate_messages_py
[  0%] Built target std_msgs_generate_messages_cpp
[  0%] Built target melew3_msgs_generate_messages_cpp
[  0%] Built target std_msgs_generate_messages_py
[  0%] Built target std_msgs_generate_messages_nodejs
[  0%] Built target geometry_msgs_generate_messages_eus
[  0%] Built target controller_manager_msgs_generate_messages_eus
[  0%] Built target roscpp_generate_messages_lisp
[  0%] Built target controller_manager_msgs_generate_messages_py
[  3%] Built target running
[  5%] Built target zmp_generator_node
[  9%] Built target jumping
[ 12%] Built target pi_jumping
[ 14%] Built target z_jumping
[ 18%] Built target body_tilt_jumping
[ 22%] Built target AM_jumping
[ 24%] Built target izmp_calculator_node
[ 26%] Built target zmp_calculator_node
[ 30%] Built target zmp_preview_controller_node
[ 35%] Built target melew_wheel_controller_node
[ 41%] Built target lw_walk
[ 41%] Built target MELEW3_control
[ 43%] Built target slide
[ 45%] Built target body_tilt_wheel_running
[ 46%] Built target walk
[ 48%] Built target low_posture
[ 54%] Built target body_pitch_tilt
[ 54%] Built target wheel_running
[ 54%] Built target body_yaw_sine_wave
[ 57%] Built target z_sine_wave
[ 60%] Built target dancing
[ 63%] Built target psi_sine_wave
[ 65%] Built target trans
[ 68%] Built target wr_z_sine
[35m[1mScanning dependencies of target turning2[0m
[ 74%] Built target wheel_running_several
[ 74%] Built target x_sine_wave
[ 76%] Built target trans2
[ 78%] Built target leg_turning
[ 80%] Built target offline
[ 81%] Built target plot_sne_contour2
[ 84%] Built target turning
[ 85%] Built target trans3
[ 86%] Built target plot_sne_contour3
[ 88%] Built target turning1
[ 90%] Built target y_sine_wave
[ 91%] Built target plot_sne_contour
[ 92%] [32mBuilding CXX object src/controllers/CMakeFiles/turning2.dir/turning2.cpp.o[0m
[ 97%] Built target wheel_controller
[ 98%] [32m[1mLinking CXX executable /home/mrp/catkin_ws/devel/.private/melew3_control/lib/melew3_control/turning2[0m
[100%] Built target turning2
