[  0%] Built target std_msgs_generate_messages_eus
[  0%] Built target dynamic_reconfigure_gencfg
[  0%] Built target dynamic_reconfigure_generate_messages_eus
[  1%] Built target dynamic_reconfigure_generate_messages_nodejs
[  1%] Built target geometry_msgs_generate_messages_py
[  1%] Built target geometry_msgs_generate_messages_lisp
[  1%] Built target melew3_msgs_generate_messages_py
[  1%] Built target rosgraph_msgs_generate_messages_eus
[  1%] Built target melew3_control_gencfg
[  1%] Built target roscpp_generate_messages_nodejs
[  1%] Built target geometry_msgs_generate_messages_nodejs
[  1%] Built target melew3_msgs_generate_messages_lisp
[  1%] Built target dynamic_reconfigure_generate_messages_cpp
[  1%] Built target geometry_msgs_generate_messages_cpp
[  1%] Built target dynamic_reconfigure_generate_messages_lisp
[  1%] Built target rosgraph_msgs_generate_messages_py
[  1%] Built target roscpp_generate_messages_eus
[  1%] Built target controller_manager_msgs_generate_messages_cpp
[  1%] Built target roscpp_generate_messages_cpp
[  1%] Built target controller_manager_msgs_generate_messages_nodejs
[  1%] Built target std_msgs_generate_messages_lisp
[  1%] Built target dynamic_reconfigure_generate_messages_py
[  1%] Built target controller_manager_msgs_generate_messages_lisp
[  1%] Built target rosgraph_msgs_generate_messages_lisp
[  1%] Built target rosgraph_msgs_generate_messages_nodejs
[  1%] Built target melew3_msgs_generate_messages_eus
[  1%] Built target roscpp_generate_messages_py
[  1%] Built target melew3_msgs_generate_messages_nodejs
[  1%] Built target rosgraph_msgs_generate_messages_cpp
[  1%] Built target std_msgs_generate_messages_cpp
[  1%] Built target controller_manager_msgs_generate_messages_py
[  1%] Built target melew3_msgs_generate_messages_cpp
[  1%] Built target std_msgs_generate_messages_py
[  1%] Built target roscpp_generate_messages_lisp
[  1%] Built target geometry_msgs_generate_messages_eus
[  1%] Built target controller_manager_msgs_generate_messages_eus
[  1%] Built target std_msgs_generate_messages_nodejs
[  7%] Built target z_jumping
[  8%] Built target pi_jumping
[ 11%] Built target running
[ 16%] Built target AM_jumping
[ 20%] Built target body_tilt_jumping
[ 22%] Built target zmp_calculator_node
[ 24%] Built target izmp_calculator_node
[ 26%] Built target zmp_generator_node
[35m[1mScanning dependencies of target turning[0m
[ 30%] Built target jumping
[ 32%] Built target MELEW3_control
[ 35%] Built target offline
[ 39%] Built target zmp_preview_controller_node
[ 43%] Built target melew_wheel_controller_node
[ 47%] Built target trans3
[ 48%] Built target trans2
[ 51%] Built target leg_turning
[ 54%] Built target wheel_running_several
[ 56%] Built target x_sine_wave
[ 56%] [32mBuilding CXX object src/controllers/CMakeFiles/turning.dir/turning.cpp.o[0m
[ 58%] Built target wr_z_sine
[ 64%] Built target trans
[ 64%] Built target z_sine_wave
[ 65%] Built target y_sine_wave
[ 69%] Built target dancing
[ 71%] Built target psi_sine_wave
[ 73%] Built target low_posture
[ 75%] Built target wheel_running
[ 77%] Built target body_yaw_sine_wave
[ 80%] Built target slide
[ 82%] Built target body_tilt_wheel_running
[ 84%] Built target body_pitch_tilt
[ 86%] Built target walk
[ 88%] Built target lw_walk
[ 88%] Built target plot_sne_contour
[ 89%] Built target plot_sne_contour3
[ 91%] Built target plot_sne_contour2
[ 97%] Built target wheel_controller
[ 97%] [32m[1mLinking CXX executable /home/mrp/catkin_ws/devel/.private/melew3_control/lib/melew3_control/turning[0m
[100%] Built target turning
