[  0%] Built target dynamic_reconfigure_gencfg
[  1%] Built target melew3_control_gencfg
[  1%] Built target melew3_msgs_generate_messages_py
[  1%] Built target rosgraph_msgs_generate_messages_eus
[  1%] Built target geometry_msgs_generate_messages_lisp
[  1%] Built target dynamic_reconfigure_generate_messages_nodejs
[  1%] Built target melew3_msgs_generate_messages_lisp
[  1%] Built target geometry_msgs_generate_messages_cpp
[  1%] Built target dynamic_reconfigure_generate_messages_cpp
[  1%] Built target dynamic_reconfigure_generate_messages_lisp
[  1%] Built target geometry_msgs_generate_messages_nodejs
[  1%] Built target std_msgs_generate_messages_eus
[  1%] Built target geometry_msgs_generate_messages_py
[  1%] Built target dynamic_reconfigure_generate_messages_eus
[  1%] Built target roscpp_generate_messages_nodejs
[  1%] Built target rosgraph_msgs_generate_messages_py
[  1%] Built target rosgraph_msgs_generate_messages_lisp
[  1%] Built target melew3_msgs_generate_messages_nodejs
[  1%] Built target controller_manager_msgs_generate_messages_nodejs
[  1%] Built target dynamic_reconfigure_generate_messages_py
[  1%] Built target roscpp_generate_messages_eus
[  1%] Built target roscpp_generate_messages_cpp
[  1%] Built target controller_manager_msgs_generate_messages_cpp
[  1%] Built target rosgraph_msgs_generate_messages_cpp
[  1%] Built target roscpp_generate_messages_py
[  1%] Built target std_msgs_generate_messages_lisp
[  1%] Built target controller_manager_msgs_generate_messages_lisp
[  1%] Built target rosgraph_msgs_generate_messages_nodejs
[  1%] Built target melew3_msgs_generate_messages_eus
[  1%] Built target std_msgs_generate_messages_cpp
[  1%] Built target std_msgs_generate_messages_py
[  1%] Built target melew3_msgs_generate_messages_cpp
[  1%] Built target geometry_msgs_generate_messages_eus
[  1%] Built target std_msgs_generate_messages_nodejs
[  1%] Built target controller_manager_msgs_generate_messages_py
[  1%] Built target controller_manager_msgs_generate_messages_eus
[  1%] Built target roscpp_generate_messages_lisp
[  4%] Built target running
[  7%] Built target pi_jumping
[ 10%] Built target z_jumping
[ 14%] Built target zmp_generator_node
[ 16%] Built target AM_jumping
[ 20%] Built target body_tilt_jumping
[ 22%] Built target izmp_calculator_node
[ 26%] Built target jumping
[35m[1mScanning dependencies of target turning1[0m
[ 30%] Built target offline
[ 30%] Built target MELEW3_control
[ 31%] Built target zmp_calculator_node
[ 36%] Built target zmp_preview_controller_node
[ 40%] Built target melew_wheel_controller_node
[ 43%] Built target leg_turning
[ 45%] Built target trans2
[ 47%] Built target trans3
[ 50%] Built target turning
[ 55%] Built target wr_z_sine
[ 55%] Built target wheel_running_several
[ 62%] Built target x_sine_wave
[ 63%] Built target trans
[ 63%] Built target z_sine_wave
[ 63%] [32mBuilding CXX object src/controllers/CMakeFiles/turning1.dir/turning1.cpp.o[0m
[ 65%] Built target dancing
[ 68%] Built target wheel_running
[ 70%] Built target y_sine_wave
[ 72%] Built target psi_sine_wave
[ 74%] Built target body_yaw_sine_wave
[ 80%] Built target body_pitch_tilt
[ 80%] Built target lw_walk
[ 83%] Built target body_tilt_wheel_running
[ 80%] Built target low_posture
[ 86%] Built target slide
[ 86%] Built target plot_sne_contour
[ 89%] Built target plot_sne_contour2
[ 91%] Built target walk
[ 91%] Built target plot_sne_contour3
[ 97%] Built target wheel_controller
[ 98%] [32m[1mLinking CXX executable /home/mrp/catkin_ws/devel/.private/melew3_control/lib/melew3_control/turning1[0m
[100%] Built target turning1
