Linked: (/home/mrp/catkin_ws/devel/.private/qpOASES/share/qpOASES/cmake/qpOASESConfig-version.cmake, /home/mrp/catkin_ws/devel/share/qpOASES/cmake/qpOASESConfig-version.cmake)
Linked: (/home/mrp/catkin_ws/devel/.private/qpOASES/share/qpOASES/cmake/qpOASESConfig.cmake, /home/mrp/catkin_ws/devel/share/qpOASES/cmake/qpOASESConfig.cmake)
Linked: (/home/mrp/catkin_ws/devel/.private/qpOASES/include/qpOASES.hpp, /home/mrp/catkin_ws/devel/include/qpOASES.hpp)
Linked: (/home/mrp/catkin_ws/devel/.private/qpOASES/include/qpOASES/SQProblem.ipp, /home/mrp/catkin_ws/devel/include/qpOASES/SQProblem.ipp)
Linked: (/home/mrp/catkin_ws/devel/.private/qpOASES/include/qpOASES/ConstraintProduct.hpp, /home/mrp/catkin_ws/devel/include/qpOASES/ConstraintProduct.hpp)
Linked: (/home/mrp/catkin_ws/devel/.private/qpOASES/include/qpOASES/MessageHandling.hpp, /home/mrp/catkin_ws/devel/include/qpOASES/MessageHandling.hpp)
Linked: (/home/mrp/catkin_ws/devel/.private/qpOASES/include/qpOASES/Flipper.hpp, /home/mrp/catkin_ws/devel/include/qpOASES/Flipper.hpp)
Linked: (/home/mrp/catkin_ws/devel/.private/qpOASES/include/qpOASES/Bounds.ipp, /home/mrp/catkin_ws/devel/include/qpOASES/Bounds.ipp)
Linked: (/home/mrp/catkin_ws/devel/.private/qpOASES/include/qpOASES/UnitTesting.hpp, /home/mrp/catkin_ws/devel/include/qpOASES/UnitTesting.hpp)
Linked: (/home/mrp/catkin_ws/devel/.private/qpOASES/include/qpOASES/Bounds.hpp, /home/mrp/catkin_ws/devel/include/qpOASES/Bounds.hpp)
Linked: (/home/mrp/catkin_ws/devel/.private/qpOASES/include/qpOASES/Utils.ipp, /home/mrp/catkin_ws/devel/include/qpOASES/Utils.ipp)
Linked: (/home/mrp/catkin_ws/devel/.private/qpOASES/include/qpOASES/SubjectTo.ipp, /home/mrp/catkin_ws/devel/include/qpOASES/SubjectTo.ipp)
Linked: (/home/mrp/catkin_ws/devel/.private/qpOASES/include/qpOASES/Utils.hpp, /home/mrp/catkin_ws/devel/include/qpOASES/Utils.hpp)
Linked: (/home/mrp/catkin_ws/devel/.private/qpOASES/include/qpOASES/QProblem.hpp, /home/mrp/catkin_ws/devel/include/qpOASES/QProblem.hpp)
Linked: (/home/mrp/catkin_ws/devel/.private/qpOASES/include/qpOASES/Types.hpp, /home/mrp/catkin_ws/devel/include/qpOASES/Types.hpp)
Linked: (/home/mrp/catkin_ws/devel/.private/qpOASES/include/qpOASES/SQProblemSchur.hpp, /home/mrp/catkin_ws/devel/include/qpOASES/SQProblemSchur.hpp)
Linked: (/home/mrp/catkin_ws/devel/.private/qpOASES/include/qpOASES/Constraints.hpp, /home/mrp/catkin_ws/devel/include/qpOASES/Constraints.hpp)
Linked: (/home/mrp/catkin_ws/devel/.private/qpOASES/include/qpOASES/QProblem.ipp, /home/mrp/catkin_ws/devel/include/qpOASES/QProblem.ipp)
Linked: (/home/mrp/catkin_ws/devel/.private/qpOASES/include/qpOASES/Indexlist.hpp, /home/mrp/catkin_ws/devel/include/qpOASES/Indexlist.hpp)
Linked: (/home/mrp/catkin_ws/devel/.private/qpOASES/include/qpOASES/SparseSolver.hpp, /home/mrp/catkin_ws/devel/include/qpOASES/SparseSolver.hpp)
Linked: (/home/mrp/catkin_ws/devel/.private/qpOASES/include/qpOASES/Constants.hpp, /home/mrp/catkin_ws/devel/include/qpOASES/Constants.hpp)
Linked: (/home/mrp/catkin_ws/devel/.private/qpOASES/include/qpOASES/Indexlist.ipp, /home/mrp/catkin_ws/devel/include/qpOASES/Indexlist.ipp)
Linked: (/home/mrp/catkin_ws/devel/.private/qpOASES/include/qpOASES/Constraints.ipp, /home/mrp/catkin_ws/devel/include/qpOASES/Constraints.ipp)
Linked: (/home/mrp/catkin_ws/devel/.private/qpOASES/include/qpOASES/SQProblem.hpp, /home/mrp/catkin_ws/devel/include/qpOASES/SQProblem.hpp)
Linked: (/home/mrp/catkin_ws/devel/.private/qpOASES/include/qpOASES/SubjectTo.hpp, /home/mrp/catkin_ws/devel/include/qpOASES/SubjectTo.hpp)
Linked: (/home/mrp/catkin_ws/devel/.private/qpOASES/include/qpOASES/Options.hpp, /home/mrp/catkin_ws/devel/include/qpOASES/Options.hpp)
Linked: (/home/mrp/catkin_ws/devel/.private/qpOASES/include/qpOASES/QProblemB.ipp, /home/mrp/catkin_ws/devel/include/qpOASES/QProblemB.ipp)
Linked: (/home/mrp/catkin_ws/devel/.private/qpOASES/include/qpOASES/MessageHandling.ipp, /home/mrp/catkin_ws/devel/include/qpOASES/MessageHandling.ipp)
Linked: (/home/mrp/catkin_ws/devel/.private/qpOASES/include/qpOASES/Matrices.hpp, /home/mrp/catkin_ws/devel/include/qpOASES/Matrices.hpp)
Linked: (/home/mrp/catkin_ws/devel/.private/qpOASES/include/qpOASES/SQProblemSchur.ipp, /home/mrp/catkin_ws/devel/include/qpOASES/SQProblemSchur.ipp)
Linked: (/home/mrp/catkin_ws/devel/.private/qpOASES/include/qpOASES/QProblemB.hpp, /home/mrp/catkin_ws/devel/include/qpOASES/QProblemB.hpp)
Linked: (/home/mrp/catkin_ws/devel/.private/qpOASES/include/qpOASES/extras/SolutionAnalysis.ipp, /home/mrp/catkin_ws/devel/include/qpOASES/extras/SolutionAnalysis.ipp)
Linked: (/home/mrp/catkin_ws/devel/.private/qpOASES/include/qpOASES/extras/OQPinterface.hpp, /home/mrp/catkin_ws/devel/include/qpOASES/extras/OQPinterface.hpp)
Linked: (/home/mrp/catkin_ws/devel/.private/qpOASES/include/qpOASES/extras/SolutionAnalysis.hpp, /home/mrp/catkin_ws/devel/include/qpOASES/extras/SolutionAnalysis.hpp)
Linked: (/home/mrp/catkin_ws/devel/.private/qpOASES/lib/libqpOASES.a, /home/mrp/catkin_ws/devel/lib/libqpOASES.a)
Linked: (/home/mrp/catkin_ws/devel/.private/qpOASES/lib/pkgconfig/qpOASES.pc, /home/mrp/catkin_ws/devel/lib/pkgconfig/qpOASES.pc)
