[01m[K/home/mrp/catkin_ws/src/MELEW-3/MELEW3_pkgs/qpOASES/qpOASES_svn/src/MessageHandling.cpp:[m[K In member function ‘[01m[KqpOASES::returnValue qpOASES::MessageHandling::throwMessage(qpOASES::returnValue, const char*, const char*, const char*, long unsigned int, qpOASES::VisibilityStatus, const char*)[m[K’:
[01m[K/home/mrp/catkin_ws/src/MELEW-3/MELEW3_pkgs/qpOASES/qpOASES_svn/src/MessageHandling.cpp:517:50:[m[K [01;35m[Kwarning: [m[K‘[01m[K->[m[K’ directive output may be truncated writing 2 bytes into a region of size between 1 and 160 [[01;35m[K-Wformat-truncation=[m[K]
  517 |    snprintf( myPrintfString,MAX_STRING_LENGTH,"%s[01;35m[K->[m[K", whitespaces );
      |                                                  [01;35m[K^~[m[K
In file included from [01m[K/usr/include/stdio.h:867[m[K,
                 from [01m[K/home/mrp/catkin_ws/src/MELEW-3/MELEW3_pkgs/qpOASES/qpOASES_svn/src/MessageHandling.cpp:36[m[K:
[01m[K/usr/include/x86_64-linux-gnu/bits/stdio2.h:67:35:[m[K [01;36m[Knote: [m[K‘[01m[K__builtin___snprintf_chk[m[K’ output between 3 and 162 bytes into a destination of size 160
   67 |   return [01;36m[K__builtin___snprintf_chk (__s, __n, __USE_FORTIFY_LEVEL - 1,[m[K
      |          [01;36m[K~~~~~~~~~~~~~~~~~~~~~~~~~^~~~~~~~~~~~~~~~~~~~~~~~~~~~~~~~~~~[m[K
   68 | [01;36m[K       __bos (__s), __fmt, __va_arg_pack ())[m[K;
      |        [01;36m[K~~~~~~~~~~~~~~~~~~~~~~~~~~~~~~~~~~~~~[m[K
[01m[K/home/mrp/catkin_ws/src/MELEW-3/MELEW3_pkgs/qpOASES/qpOASES_svn/src/Options.cpp:[m[K In member function ‘[01m[KqpOASES::returnValue qpOASES::Options::print() const[m[K’:
[01m[K/home/mrp/catkin_ws/src/MELEW-3/MELEW3_pkgs/qpOASES/qpOASES_svn/src/Options.cpp:386:80:[m[K [01;35m[Kwarning: [m[K‘[01m[K%s[m[K’ directive output may be truncated writing up to 159 bytes into a region of size 126 [[01;35m[K-Wformat-truncation=[m[K]
  386 |  snprintf( myPrintfString,MAX_STRING_LENGTH,"printLevel                     =  [01;35m[K%s[m[K\n",[32m[Kinfo[m[K );
      |                                                                                [01;35m[K^~[m[K    [32m[K~~~~[m[K
In file included from [01m[K/usr/include/stdio.h:867[m[K,
                 from [01m[K/home/mrp/catkin_ws/src/MELEW-3/MELEW3_pkgs/qpOASES/qpOASES_svn/include/qpOASES/MessageHandling.hpp:39[m[K,
                 from [01m[K/home/mrp/catkin_ws/src/MELEW-3/MELEW3_pkgs/qpOASES/qpOASES_svn/include/qpOASES/Utils.hpp:39[m[K,
                 from [01m[K/home/mrp/catkin_ws/src/MELEW-3/MELEW3_pkgs/qpOASES/qpOASES_svn/include/qpOASES/Options.hpp:40[m[K,
                 from [01m[K/home/mrp/catkin_ws/src/MELEW-3/MELEW3_pkgs/qpOASES/qpOASES_svn/src/Options.cpp:36[m[K:
[01m[K/usr/include/x86_64-linux-gnu/bits/stdio2.h:67:35:[m[K [01;36m[Knote: [m[K‘[01m[K__builtin___snprintf_chk[m[K’ output between 36 and 195 bytes into a destination of size 160
   67 |   return [01;36m[K__builtin___snprintf_chk (__s, __n, __USE_FORTIFY_LEVEL - 1,[m[K
      |          [01;36m[K~~~~~~~~~~~~~~~~~~~~~~~~~^~~~~~~~~~~~~~~~~~~~~~~~~~~~~~~~~~~[m[K
   68 | [01;36m[K       __bos (__s), __fmt, __va_arg_pack ())[m[K;
      |        [01;36m[K~~~~~~~~~~~~~~~~~~~~~~~~~~~~~~~~~~~~~[m[K
[01m[K/home/mrp/catkin_ws/src/MELEW-3/MELEW3_pkgs/qpOASES/qpOASES_svn/src/Options.cpp:392:80:[m[K [01;35m[Kwarning: [m[K‘[01m[K%s[m[K’ directive output may be truncated writing up to 159 bytes into a region of size 126 [[01;35m[K-Wformat-truncation=[m[K]
  392 |  snprintf( myPrintfString,MAX_STRING_LENGTH,"enableRamping                  =  [01;35m[K%s[m[K\n",[32m[Kinfo[m[K );
      |                                                                                [01;35m[K^~[m[K    [32m[K~~~~[m[K
In file included from [01m[K/usr/include/stdio.h:867[m[K,
                 from [01m[K/home/mrp/catkin_ws/src/MELEW-3/MELEW3_pkgs/qpOASES/qpOASES_svn/include/qpOASES/MessageHandling.hpp:39[m[K,
                 from [01m[K/home/mrp/catkin_ws/src/MELEW-3/MELEW3_pkgs/qpOASES/qpOASES_svn/include/qpOASES/Utils.hpp:39[m[K,
                 from [01m[K/home/mrp/catkin_ws/src/MELEW-3/MELEW3_pkgs/qpOASES/qpOASES_svn/include/qpOASES/Options.hpp:40[m[K,
                 from [01m[K/home/mrp/catkin_ws/src/MELEW-3/MELEW3_pkgs/qpOASES/qpOASES_svn/src/Options.cpp:36[m[K:
[01m[K/usr/include/x86_64-linux-gnu/bits/stdio2.h:67:35:[m[K [01;36m[Knote: [m[K‘[01m[K__builtin___snprintf_chk[m[K’ output between 36 and 195 bytes into a destination of size 160
   67 |   return [01;36m[K__builtin___snprintf_chk (__s, __n, __USE_FORTIFY_LEVEL - 1,[m[K
      |          [01;36m[K~~~~~~~~~~~~~~~~~~~~~~~~~^~~~~~~~~~~~~~~~~~~~~~~~~~~~~~~~~~~[m[K
   68 | [01;36m[K       __bos (__s), __fmt, __va_arg_pack ())[m[K;
      |        [01;36m[K~~~~~~~~~~~~~~~~~~~~~~~~~~~~~~~~~~~~~[m[K
[01m[K/home/mrp/catkin_ws/src/MELEW-3/MELEW3_pkgs/qpOASES/qpOASES_svn/src/Options.cpp:396:80:[m[K [01;35m[Kwarning: [m[K‘[01m[K%s[m[K’ directive output may be truncated writing up to 159 bytes into a region of size 126 [[01;35m[K-Wformat-truncation=[m[K]
  396 |  snprintf( myPrintfString,MAX_STRING_LENGTH,"enableFarBounds                =  [01;35m[K%s[m[K\n",[32m[Kinfo[m[K );
      |                                                                                [01;35m[K^~[m[K    [32m[K~~~~[m[K
In file included from [01m[K/usr/include/stdio.h:867[m[K,
                 from [01m[K/home/mrp/catkin_ws/src/MELEW-3/MELEW3_pkgs/qpOASES/qpOASES_svn/include/qpOASES/MessageHandling.hpp:39[m[K,
                 from [01m[K/home/mrp/catkin_ws/src/MELEW-3/MELEW3_pkgs/qpOASES/qpOASES_svn/include/qpOASES/Utils.hpp:39[m[K,
                 from [01m[K/home/mrp/catkin_ws/src/MELEW-3/MELEW3_pkgs/qpOASES/qpOASES_svn/include/qpOASES/Options.hpp:40[m[K,
                 from [01m[K/home/mrp/catkin_ws/src/MELEW-3/MELEW3_pkgs/qpOASES/qpOASES_svn/src/Options.cpp:36[m[K:
[01m[K/usr/include/x86_64-linux-gnu/bits/stdio2.h:67:35:[m[K [01;36m[Knote: [m[K‘[01m[K__builtin___snprintf_chk[m[K’ output between 36 and 195 bytes into a destination of size 160
   67 |   return [01;36m[K__builtin___snprintf_chk (__s, __n, __USE_FORTIFY_LEVEL - 1,[m[K
      |          [01;36m[K~~~~~~~~~~~~~~~~~~~~~~~~~^~~~~~~~~~~~~~~~~~~~~~~~~~~~~~~~~~~[m[K
   68 | [01;36m[K       __bos (__s), __fmt, __va_arg_pack ())[m[K;
      |        [01;36m[K~~~~~~~~~~~~~~~~~~~~~~~~~~~~~~~~~~~~~[m[K
[01m[K/home/mrp/catkin_ws/src/MELEW-3/MELEW3_pkgs/qpOASES/qpOASES_svn/src/Options.cpp:400:80:[m[K [01;35m[Kwarning: [m[K‘[01m[K%s[m[K’ directive output may be truncated writing up to 159 bytes into a region of size 126 [[01;35m[K-Wformat-truncation=[m[K]
  400 |  snprintf( myPrintfString,MAX_STRING_LENGTH,"enableFlippingBounds           =  [01;35m[K%s[m[K\n",[32m[Kinfo[m[K );
      |                                                                                [01;35m[K^~[m[K    [32m[K~~~~[m[K
In file included from [01m[K/usr/include/stdio.h:867[m[K,
                 from [01m[K/home/mrp/catkin_ws/src/MELEW-3/MELEW3_pkgs/qpOASES/qpOASES_svn/include/qpOASES/MessageHandling.hpp:39[m[K,
                 from [01m[K/home/mrp/catkin_ws/src/MELEW-3/MELEW3_pkgs/qpOASES/qpOASES_svn/include/qpOASES/Utils.hpp:39[m[K,
                 from [01m[K/home/mrp/catkin_ws/src/MELEW-3/MELEW3_pkgs/qpOASES/qpOASES_svn/include/qpOASES/Options.hpp:40[m[K,
                 from [01m[K/home/mrp/catkin_ws/src/MELEW-3/MELEW3_pkgs/qpOASES/qpOASES_svn/src/Options.cpp:36[m[K:
[01m[K/usr/include/x86_64-linux-gnu/bits/stdio2.h:67:35:[m[K [01;36m[Knote: [m[K‘[01m[K__builtin___snprintf_chk[m[K’ output between 36 and 195 bytes into a destination of size 160
   67 |   return [01;36m[K__builtin___snprintf_chk (__s, __n, __USE_FORTIFY_LEVEL - 1,[m[K
      |          [01;36m[K~~~~~~~~~~~~~~~~~~~~~~~~~^~~~~~~~~~~~~~~~~~~~~~~~~~~~~~~~~~~[m[K
   68 | [01;36m[K       __bos (__s), __fmt, __va_arg_pack ())[m[K;
      |        [01;36m[K~~~~~~~~~~~~~~~~~~~~~~~~~~~~~~~~~~~~~[m[K
[01m[K/home/mrp/catkin_ws/src/MELEW-3/MELEW3_pkgs/qpOASES/qpOASES_svn/src/Options.cpp:404:80:[m[K [01;35m[Kwarning: [m[K‘[01m[K%s[m[K’ directive output may be truncated writing up to 159 bytes into a region of size 126 [[01;35m[K-Wformat-truncation=[m[K]
  404 |  snprintf( myPrintfString,MAX_STRING_LENGTH,"enableRegularisation           =  [01;35m[K%s[m[K\n",[32m[Kinfo[m[K );
      |                                                                                [01;35m[K^~[m[K    [32m[K~~~~[m[K
In file included from [01m[K/usr/include/stdio.h:867[m[K,
                 from [01m[K/home/mrp/catkin_ws/src/MELEW-3/MELEW3_pkgs/qpOASES/qpOASES_svn/include/qpOASES/MessageHandling.hpp:39[m[K,
                 from [01m[K/home/mrp/catkin_ws/src/MELEW-3/MELEW3_pkgs/qpOASES/qpOASES_svn/include/qpOASES/Utils.hpp:39[m[K,
                 from [01m[K/home/mrp/catkin_ws/src/MELEW-3/MELEW3_pkgs/qpOASES/qpOASES_svn/include/qpOASES/Options.hpp:40[m[K,
                 from [01m[K/home/mrp/catkin_ws/src/MELEW-3/MELEW3_pkgs/qpOASES/qpOASES_svn/src/Options.cpp:36[m[K:
[01m[K/usr/include/x86_64-linux-gnu/bits/stdio2.h:67:35:[m[K [01;36m[Knote: [m[K‘[01m[K__builtin___snprintf_chk[m[K’ output between 36 and 195 bytes into a destination of size 160
   67 |   return [01;36m[K__builtin___snprintf_chk (__s, __n, __USE_FORTIFY_LEVEL - 1,[m[K
      |          [01;36m[K~~~~~~~~~~~~~~~~~~~~~~~~~^~~~~~~~~~~~~~~~~~~~~~~~~~~~~~~~~~~[m[K
   68 | [01;36m[K       __bos (__s), __fmt, __va_arg_pack ())[m[K;
      |        [01;36m[K~~~~~~~~~~~~~~~~~~~~~~~~~~~~~~~~~~~~~[m[K
[01m[K/home/mrp/catkin_ws/src/MELEW-3/MELEW3_pkgs/qpOASES/qpOASES_svn/src/Options.cpp:408:80:[m[K [01;35m[Kwarning: [m[K‘[01m[K%s[m[K’ directive output may be truncated writing up to 159 bytes into a region of size 126 [[01;35m[K-Wformat-truncation=[m[K]
  408 |  snprintf( myPrintfString,MAX_STRING_LENGTH,"enableFullLITests              =  [01;35m[K%s[m[K\n",[32m[Kinfo[m[K );
      |                                                                                [01;35m[K^~[m[K    [32m[K~~~~[m[K
In file included from [01m[K/usr/include/stdio.h:867[m[K,
                 from [01m[K/home/mrp/catkin_ws/src/MELEW-3/MELEW3_pkgs/qpOASES/qpOASES_svn/include/qpOASES/MessageHandling.hpp:39[m[K,
                 from [01m[K/home/mrp/catkin_ws/src/MELEW-3/MELEW3_pkgs/qpOASES/qpOASES_svn/include/qpOASES/Utils.hpp:39[m[K,
                 from [01m[K/home/mrp/catkin_ws/src/MELEW-3/MELEW3_pkgs/qpOASES/qpOASES_svn/include/qpOASES/Options.hpp:40[m[K,
                 from [01m[K/home/mrp/catkin_ws/src/MELEW-3/MELEW3_pkgs/qpOASES/qpOASES_svn/src/Options.cpp:36[m[K:
[01m[K/usr/include/x86_64-linux-gnu/bits/stdio2.h:67:35:[m[K [01;36m[Knote: [m[K‘[01m[K__builtin___snprintf_chk[m[K’ output between 36 and 195 bytes into a destination of size 160
   67 |   return [01;36m[K__builtin___snprintf_chk (__s, __n, __USE_FORTIFY_LEVEL - 1,[m[K
      |          [01;36m[K~~~~~~~~~~~~~~~~~~~~~~~~~^~~~~~~~~~~~~~~~~~~~~~~~~~~~~~~~~~~[m[K
   68 | [01;36m[K       __bos (__s), __fmt, __va_arg_pack ())[m[K;
      |        [01;36m[K~~~~~~~~~~~~~~~~~~~~~~~~~~~~~~~~~~~~~[m[K
[01m[K/home/mrp/catkin_ws/src/MELEW-3/MELEW3_pkgs/qpOASES/qpOASES_svn/src/Options.cpp:412:80:[m[K [01;35m[Kwarning: [m[K‘[01m[K%s[m[K’ directive output may be truncated writing up to 159 bytes into a region of size 126 [[01;35m[K-Wformat-truncation=[m[K]
  412 |  snprintf( myPrintfString,MAX_STRING_LENGTH,"enableNZCTests                 =  [01;35m[K%s[m[K\n",[32m[Kinfo[m[K );
      |                                                                                [01;35m[K^~[m[K    [32m[K~~~~[m[K
In file included from [01m[K/usr/include/stdio.h:867[m[K,
                 from [01m[K/home/mrp/catkin_ws/src/MELEW-3/MELEW3_pkgs/qpOASES/qpOASES_svn/include/qpOASES/MessageHandling.hpp:39[m[K,
                 from [01m[K/home/mrp/catkin_ws/src/MELEW-3/MELEW3_pkgs/qpOASES/qpOASES_svn/include/qpOASES/Utils.hpp:39[m[K,
                 from [01m[K/home/mrp/catkin_ws/src/MELEW-3/MELEW3_pkgs/qpOASES/qpOASES_svn/include/qpOASES/Options.hpp:40[m[K,
                 from [01m[K/home/mrp/catkin_ws/src/MELEW-3/MELEW3_pkgs/qpOASES/qpOASES_svn/src/Options.cpp:36[m[K:
[01m[K/usr/include/x86_64-linux-gnu/bits/stdio2.h:67:35:[m[K [01;36m[Knote: [m[K‘[01m[K__builtin___snprintf_chk[m[K’ output between 36 and 195 bytes into a destination of size 160
   67 |   return [01;36m[K__builtin___snprintf_chk (__s, __n, __USE_FORTIFY_LEVEL - 1,[m[K
      |          [01;36m[K~~~~~~~~~~~~~~~~~~~~~~~~~^~~~~~~~~~~~~~~~~~~~~~~~~~~~~~~~~~~[m[K
   68 | [01;36m[K       __bos (__s), __fmt, __va_arg_pack ())[m[K;
      |        [01;36m[K~~~~~~~~~~~~~~~~~~~~~~~~~~~~~~~~~~~~~[m[K
[01m[K/home/mrp/catkin_ws/src/MELEW-3/MELEW3_pkgs/qpOASES/qpOASES_svn/src/Options.cpp:422:80:[m[K [01;35m[Kwarning: [m[K‘[01m[K%s[m[K’ directive output may be truncated writing up to 159 bytes into a region of size 126 [[01;35m[K-Wformat-truncation=[m[K]
  422 |  snprintf( myPrintfString,MAX_STRING_LENGTH,"enableEqualities               =  [01;35m[K%s[m[K\n",[32m[Kinfo[m[K );
      |                                                                                [01;35m[K^~[m[K    [32m[K~~~~[m[K
In file included from [01m[K/usr/include/stdio.h:867[m[K,
                 from [01m[K/home/mrp/catkin_ws/src/MELEW-3/MELEW3_pkgs/qpOASES/qpOASES_svn/include/qpOASES/MessageHandling.hpp:39[m[K,
                 from [01m[K/home/mrp/catkin_ws/src/MELEW-3/MELEW3_pkgs/qpOASES/qpOASES_svn/include/qpOASES/Utils.hpp:39[m[K,
                 from [01m[K/home/mrp/catkin_ws/src/MELEW-3/MELEW3_pkgs/qpOASES/qpOASES_svn/include/qpOASES/Options.hpp:40[m[K,
                 from [01m[K/home/mrp/catkin_ws/src/MELEW-3/MELEW3_pkgs/qpOASES/qpOASES_svn/src/Options.cpp:36[m[K:
[01m[K/usr/include/x86_64-linux-gnu/bits/stdio2.h:67:35:[m[K [01;36m[Knote: [m[K‘[01m[K__builtin___snprintf_chk[m[K’ output between 36 and 195 bytes into a destination of size 160
   67 |   return [01;36m[K__builtin___snprintf_chk (__s, __n, __USE_FORTIFY_LEVEL - 1,[m[K
      |          [01;36m[K~~~~~~~~~~~~~~~~~~~~~~~~~^~~~~~~~~~~~~~~~~~~~~~~~~~~~~~~~~~~[m[K
   68 | [01;36m[K       __bos (__s), __fmt, __va_arg_pack ())[m[K;
      |        [01;36m[K~~~~~~~~~~~~~~~~~~~~~~~~~~~~~~~~~~~~~[m[K
[01m[K/home/mrp/catkin_ws/src/MELEW-3/MELEW3_pkgs/qpOASES/qpOASES_svn/src/Options.cpp:426:80:[m[K [01;35m[Kwarning: [m[K‘[01m[K%s[m[K’ directive output may be truncated writing up to 159 bytes into a region of size 126 [[01;35m[K-Wformat-truncation=[m[K]
  426 |  snprintf( myPrintfString,MAX_STRING_LENGTH,"enableInertiaCorrection        =  [01;35m[K%s[m[K\n",[32m[Kinfo[m[K );
      |                                                                                [01;35m[K^~[m[K    [32m[K~~~~[m[K
In file included from [01m[K/usr/include/stdio.h:867[m[K,
                 from [01m[K/home/mrp/catkin_ws/src/MELEW-3/MELEW3_pkgs/qpOASES/qpOASES_svn/include/qpOASES/MessageHandling.hpp:39[m[K,
                 from [01m[K/home/mrp/catkin_ws/src/MELEW-3/MELEW3_pkgs/qpOASES/qpOASES_svn/include/qpOASES/Utils.hpp:39[m[K,
                 from [01m[K/home/mrp/catkin_ws/src/MELEW-3/MELEW3_pkgs/qpOASES/qpOASES_svn/include/qpOASES/Options.hpp:40[m[K,
                 from [01m[K/home/mrp/catkin_ws/src/MELEW-3/MELEW3_pkgs/qpOASES/qpOASES_svn/src/Options.cpp:36[m[K:
[01m[K/usr/include/x86_64-linux-gnu/bits/stdio2.h:67:35:[m[K [01;36m[Knote: [m[K‘[01m[K__builtin___snprintf_chk[m[K’ output between 36 and 195 bytes into a destination of size 160
   67 |   return [01;36m[K__builtin___snprintf_chk (__s, __n, __USE_FORTIFY_LEVEL - 1,[m[K
      |          [01;36m[K~~~~~~~~~~~~~~~~~~~~~~~~~^~~~~~~~~~~~~~~~~~~~~~~~~~~~~~~~~~~[m[K
   68 | [01;36m[K       __bos (__s), __fmt, __va_arg_pack ())[m[K;
      |        [01;36m[K~~~~~~~~~~~~~~~~~~~~~~~~~~~~~~~~~~~~~[m[K
[01m[K/home/mrp/catkin_ws/src/MELEW-3/MELEW3_pkgs/qpOASES/qpOASES_svn/src/Options.cpp:470:80:[m[K [01;35m[Kwarning: [m[K‘[01m[K%s[m[K’ directive output may be truncated writing up to 159 bytes into a region of size 126 [[01;35m[K-Wformat-truncation=[m[K]
  470 |  snprintf( myPrintfString,MAX_STRING_LENGTH,"initialStatusBounds            =  [01;35m[K%s[m[K\n",[32m[Kinfo[m[K );
      |                                                                                [01;35m[K^~[m[K    [32m[K~~~~[m[K
In file included from [01m[K/usr/include/stdio.h:867[m[K,
                 from [01m[K/home/mrp/catkin_ws/src/MELEW-3/MELEW3_pkgs/qpOASES/qpOASES_svn/include/qpOASES/MessageHandling.hpp:39[m[K,
                 from [01m[K/home/mrp/catkin_ws/src/MELEW-3/MELEW3_pkgs/qpOASES/qpOASES_svn/include/qpOASES/Utils.hpp:39[m[K,
                 from [01m[K/home/mrp/catkin_ws/src/MELEW-3/MELEW3_pkgs/qpOASES/qpOASES_svn/include/qpOASES/Options.hpp:40[m[K,
                 from [01m[K/home/mrp/catkin_ws/src/MELEW-3/MELEW3_pkgs/qpOASES/qpOASES_svn/src/Options.cpp:36[m[K:
[01m[K/usr/include/x86_64-linux-gnu/bits/stdio2.h:67:35:[m[K [01;36m[Knote: [m[K‘[01m[K__builtin___snprintf_chk[m[K’ output between 36 and 195 bytes into a destination of size 160
   67 |   return [01;36m[K__builtin___snprintf_chk (__s, __n, __USE_FORTIFY_LEVEL - 1,[m[K
      |          [01;36m[K~~~~~~~~~~~~~~~~~~~~~~~~~^~~~~~~~~~~~~~~~~~~~~~~~~~~~~~~~~~~[m[K
   68 | [01;36m[K       __bos (__s), __fmt, __va_arg_pack ())[m[K;
      |        [01;36m[K~~~~~~~~~~~~~~~~~~~~~~~~~~~~~~~~~~~~~[m[K
[01m[K/home/mrp/catkin_ws/src/MELEW-3/MELEW3_pkgs/qpOASES/qpOASES_svn/src/QProblem.cpp:[m[K In member function ‘[01m[KqpOASES::returnValue qpOASES::QProblem::updateFarBounds(qpOASES::real_t, qpOASES::int_t, const real_t*, qpOASES::real_t*, const real_t*, qpOASES::real_t*, const real_t*, qpOASES::real_t*, const real_t*, qpOASES::real_t*) const[m[K’:
[01m[K/home/mrp/catkin_ws/src/MELEW-3/MELEW3_pkgs/qpOASES/qpOASES_svn/src/QProblem.cpp:5483:5:[m[K [01;35m[Kwarning: [m[Kthis ‘[01m[Kif[m[K’ clause does not guard... [[01;35m[K-Wmisleading-indentation[m[K]
 5483 |     [01;35m[Kif[m[K ( returnvalue != SUCCESSFUL_RETURN )
      |     [01;35m[K^~[m[K
[01m[K/home/mrp/catkin_ws/src/MELEW-3/MELEW3_pkgs/qpOASES/qpOASES_svn/src/QProblem.cpp:5486:2:[m[K [01;36m[Knote: [m[K...this statement, but the latter is misleadingly indented as if it were guarded by the ‘[01m[Kif[m[K’
 5486 |  [01;36m[Kif[m[K ( options.enableRamping == BT_TRUE )
      |  [01;36m[K^~[m[K
[01m[K/home/mrp/catkin_ws/src/MELEW-3/MELEW3_pkgs/qpOASES/qpOASES_svn/src/QProblemB.cpp:[m[K In member function ‘[01m[KqpOASES::returnValue qpOASES::QProblemB::changeActiveSet(qpOASES::int_t, qpOASES::SubjectToStatus)[m[K’:
[01m[K/home/mrp/catkin_ws/src/MELEW-3/MELEW3_pkgs/qpOASES/qpOASES_svn/src/QProblemB.cpp:3380:4:[m[K [01;35m[Kwarning: [m[Kthis ‘[01m[Kelse[m[K’ clause does not guard... [[01;35m[K-Wmisleading-indentation[m[K]
 3380 |    [01;35m[Kelse[m[K
      |    [01;35m[K^~~~[m[K
[01m[K/home/mrp/catkin_ws/src/MELEW-3/MELEW3_pkgs/qpOASES/qpOASES_svn/src/QProblemB.cpp:3382:5:[m[K [01;36m[Knote: [m[K...this statement, but the latter is misleadingly indented as if it were guarded by the ‘[01m[Kelse[m[K’
 3382 |     [01;36m[KgetGlobalMessageHandler[m[K( )->throwInfo( RET_ADD_TO_ACTIVESET,messageString,__FUNC__,__FILE__,__LINE__,VS_VISIBLE );
      |     [01;36m[K^~~~~~~~~~~~~~~~~~~~~~~[m[K
[01m[K/home/mrp/catkin_ws/src/MELEW-3/MELEW3_pkgs/qpOASES/qpOASES_svn/src/SQProblem.cpp:[m[K In member function ‘[01m[KqpOASES::returnValue qpOASES::SQProblem::hotstart(qpOASES::SymmetricMatrix*, const real_t*, qpOASES::Matrix*, const real_t*, const real_t*, const real_t*, const real_t*, qpOASES::int_t&, qpOASES::real_t*, const qpOASES::Bounds*, const qpOASES::Constraints*)[m[K’:
[01m[K/home/mrp/catkin_ws/src/MELEW-3/MELEW3_pkgs/qpOASES/qpOASES_svn/src/SQProblem.cpp:116:5:[m[K [01;35m[Kwarning: [m[Kthis ‘[01m[Kif[m[K’ clause does not guard... [[01;35m[K-Wmisleading-indentation[m[K]
  116 |     [01;35m[Kif[m[K ( cputime != 0 )
      |     [01;35m[K^~[m[K
[01m[K/home/mrp/catkin_ws/src/MELEW-3/MELEW3_pkgs/qpOASES/qpOASES_svn/src/SQProblem.cpp:121:2:[m[K [01;36m[Knote: [m[K...this statement, but the latter is misleadingly indented as if it were guarded by the ‘[01m[Kif[m[K’
  121 |  [01;36m[Kif[m[K ( setupNewAuxiliaryQP( H_new,A_new,lb_new,ub_new,lbA_new,ubA_new ) != SUCCESSFUL_RETURN )
      |  [01;36m[K^~[m[K
[01m[K/home/mrp/catkin_ws/src/MELEW-3/MELEW3_pkgs/qpOASES/qpOASES_svn/src/SQProblem.cpp:[m[K In member function ‘[01m[KqpOASES::returnValue qpOASES::SQProblem::hotstart(const real_t*, const real_t*, const real_t*, const real_t*, const real_t*, const real_t*, const real_t*, qpOASES::int_t&, qpOASES::real_t*, const qpOASES::Bounds*, const qpOASES::Constraints*)[m[K’:
[01m[K/home/mrp/catkin_ws/src/MELEW-3/MELEW3_pkgs/qpOASES/qpOASES_svn/src/SQProblem.cpp:165:5:[m[K [01;35m[Kwarning: [m[Kthis ‘[01m[Kif[m[K’ clause does not guard... [[01;35m[K-Wmisleading-indentation[m[K]
  165 |     [01;35m[Kif[m[K ( cputime != 0 )
      |     [01;35m[K^~[m[K
[01m[K/home/mrp/catkin_ws/src/MELEW-3/MELEW3_pkgs/qpOASES/qpOASES_svn/src/SQProblem.cpp:170:2:[m[K [01;36m[Knote: [m[K...this statement, but the latter is misleadingly indented as if it were guarded by the ‘[01m[Kif[m[K’
  170 |  [01;36m[Kif[m[K ( setupNewAuxiliaryQP( H_new,A_new,lb_new,ub_new,lbA_new,ubA_new ) != SUCCESSFUL_RETURN )
      |  [01;36m[K^~[m[K
[01m[K/home/mrp/catkin_ws/src/MELEW-3/MELEW3_pkgs/qpOASES/qpOASES_svn/src/QProblemB.cpp:[m[K In member function ‘[01m[KqpOASES::returnValue qpOASES::QProblemB::printIteration(qpOASES::int_t, qpOASES::int_t, qpOASES::SubjectToStatus, qpOASES::real_t, qpOASES::BooleanType)[m[K’:
[01m[K/home/mrp/catkin_ws/src/MELEW-3/MELEW3_pkgs/qpOASES/qpOASES_svn/src/QProblemB.cpp:3828:76:[m[K [01;35m[Kwarning: [m[K‘[01m[K%s[m[K’ directive output may be truncated writing up to 159 bytes into a region of size between 119 and 135 [[01;35m[K-Wformat-truncation=[m[K]
 3828 |     snprintf( myPrintfString,MAX_STRING_LENGTH,"   %5.1d   |   %1.6e   |   [01;35m[K%s[m[K %4.1d   |  %4.1d   \n", (int)iter,tau,[32m[Kinfo[m[K,(int)BC_idx,(int)getNFX( ) );
      |                                                                            [01;35m[K^~[m[K                                       [32m[K~~~~[m[K
In file included from [01m[K/usr/include/stdio.h:867[m[K,
                 from [01m[K/home/mrp/catkin_ws/src/MELEW-3/MELEW3_pkgs/qpOASES/qpOASES_svn/include/qpOASES/MessageHandling.hpp:39[m[K,
                 from [01m[K/home/mrp/catkin_ws/src/MELEW-3/MELEW3_pkgs/qpOASES/qpOASES_svn/include/qpOASES/Utils.hpp:39[m[K,
                 from [01m[K/home/mrp/catkin_ws/src/MELEW-3/MELEW3_pkgs/qpOASES/qpOASES_svn/include/qpOASES/Indexlist.hpp:40[m[K,
                 from [01m[K/home/mrp/catkin_ws/src/MELEW-3/MELEW3_pkgs/qpOASES/qpOASES_svn/include/qpOASES/SubjectTo.hpp:40[m[K,
                 from [01m[K/home/mrp/catkin_ws/src/MELEW-3/MELEW3_pkgs/qpOASES/qpOASES_svn/include/qpOASES/Bounds.hpp:40[m[K,
                 from [01m[K/home/mrp/catkin_ws/src/MELEW-3/MELEW3_pkgs/qpOASES/qpOASES_svn/include/qpOASES/Flipper.hpp:40[m[K,
                 from [01m[K/home/mrp/catkin_ws/src/MELEW-3/MELEW3_pkgs/qpOASES/qpOASES_svn/include/qpOASES/QProblemB.hpp:42[m[K,
                 from [01m[K/home/mrp/catkin_ws/src/MELEW-3/MELEW3_pkgs/qpOASES/qpOASES_svn/src/QProblemB.cpp:36[m[K:
[01m[K/usr/include/x86_64-linux-gnu/bits/stdio2.h:67:35:[m[K [01;36m[Knote: [m[K‘[01m[K__builtin___snprintf_chk[m[K’ output between 45 and 234 bytes into a destination of size 160
   67 |   return [01;36m[K__builtin___snprintf_chk (__s, __n, __USE_FORTIFY_LEVEL - 1,[m[K
      |          [01;36m[K~~~~~~~~~~~~~~~~~~~~~~~~~^~~~~~~~~~~~~~~~~~~~~~~~~~~~~~~~~~~[m[K
   68 | [01;36m[K       __bos (__s), __fmt, __va_arg_pack ())[m[K;
      |        [01;36m[K~~~~~~~~~~~~~~~~~~~~~~~~~~~~~~~~~~~~~[m[K
[01m[K/home/mrp/catkin_ws/src/MELEW-3/MELEW3_pkgs/qpOASES/qpOASES_svn/src/QProblemB.cpp:3818:78:[m[K [01;35m[Kwarning: [m[K‘[01m[K%s[m[K’ directive output may be truncated writing up to 159 bytes into a region of size between 118 and 134 [[01;35m[K-Wformat-truncation=[m[K]
 3818 |      snprintf( myPrintfString,MAX_STRING_LENGTH,"   %5.1d*  |   %1.6e   |    [01;35m[K%s[m[K SOLVED     |  %4.1d   \n", (int)iter,tau,[32m[Kinfo[m[K,(int)getNFX( ) );
      |                                                                              [01;35m[K^~[m[K                                          [32m[K~~~~[m[K
In file included from [01m[K/usr/include/stdio.h:867[m[K,
                 from [01m[K/home/mrp/catkin_ws/src/MELEW-3/MELEW3_pkgs/qpOASES/qpOASES_svn/include/qpOASES/MessageHandling.hpp:39[m[K,
                 from [01m[K/home/mrp/catkin_ws/src/MELEW-3/MELEW3_pkgs/qpOASES/qpOASES_svn/include/qpOASES/Utils.hpp:39[m[K,
                 from [01m[K/home/mrp/catkin_ws/src/MELEW-3/MELEW3_pkgs/qpOASES/qpOASES_svn/include/qpOASES/Indexlist.hpp:40[m[K,
                 from [01m[K/home/mrp/catkin_ws/src/MELEW-3/MELEW3_pkgs/qpOASES/qpOASES_svn/include/qpOASES/SubjectTo.hpp:40[m[K,
                 from [01m[K/home/mrp/catkin_ws/src/MELEW-3/MELEW3_pkgs/qpOASES/qpOASES_svn/include/qpOASES/Bounds.hpp:40[m[K,
                 from [01m[K/home/mrp/catkin_ws/src/MELEW-3/MELEW3_pkgs/qpOASES/qpOASES_svn/include/qpOASES/Flipper.hpp:40[m[K,
                 from [01m[K/home/mrp/catkin_ws/src/MELEW-3/MELEW3_pkgs/qpOASES/qpOASES_svn/include/qpOASES/QProblemB.hpp:42[m[K,
                 from [01m[K/home/mrp/catkin_ws/src/MELEW-3/MELEW3_pkgs/qpOASES/qpOASES_svn/src/QProblemB.cpp:36[m[K:
[01m[K/usr/include/x86_64-linux-gnu/bits/stdio2.h:67:35:[m[K [01;36m[Knote: [m[K‘[01m[K__builtin___snprintf_chk[m[K’ output between 50 and 232 bytes into a destination of size 160
   67 |   return [01;36m[K__builtin___snprintf_chk (__s, __n, __USE_FORTIFY_LEVEL - 1,[m[K
      |          [01;36m[K~~~~~~~~~~~~~~~~~~~~~~~~~^~~~~~~~~~~~~~~~~~~~~~~~~~~~~~~~~~~[m[K
   68 | [01;36m[K       __bos (__s), __fmt, __va_arg_pack ())[m[K;
      |        [01;36m[K~~~~~~~~~~~~~~~~~~~~~~~~~~~~~~~~~~~~~[m[K
[01m[K/home/mrp/catkin_ws/src/MELEW-3/MELEW3_pkgs/qpOASES/qpOASES_svn/src/QProblemB.cpp:3816:78:[m[K [01;35m[Kwarning: [m[K‘[01m[K%s[m[K’ directive output may be truncated writing up to 159 bytes into a region of size between 118 and 134 [[01;35m[K-Wformat-truncation=[m[K]
 3816 |      snprintf( myPrintfString,MAX_STRING_LENGTH,"   %5.1d   |   %1.6e   |    [01;35m[K%s[m[K SOLVED     |  %4.1d   \n", (int)iter,tau,[32m[Kinfo[m[K,(int)getNFX( ) );
      |                                                                              [01;35m[K^~[m[K                                          [32m[K~~~~[m[K
In file included from [01m[K/usr/include/stdio.h:867[m[K,
                 from [01m[K/home/mrp/catkin_ws/src/MELEW-3/MELEW3_pkgs/qpOASES/qpOASES_svn/include/qpOASES/MessageHandling.hpp:39[m[K,
                 from [01m[K/home/mrp/catkin_ws/src/MELEW-3/MELEW3_pkgs/qpOASES/qpOASES_svn/include/qpOASES/Utils.hpp:39[m[K,
                 from [01m[K/home/mrp/catkin_ws/src/MELEW-3/MELEW3_pkgs/qpOASES/qpOASES_svn/include/qpOASES/Indexlist.hpp:40[m[K,
                 from [01m[K/home/mrp/catkin_ws/src/MELEW-3/MELEW3_pkgs/qpOASES/qpOASES_svn/include/qpOASES/SubjectTo.hpp:40[m[K,
                 from [01m[K/home/mrp/catkin_ws/src/MELEW-3/MELEW3_pkgs/qpOASES/qpOASES_svn/include/qpOASES/Bounds.hpp:40[m[K,
                 from [01m[K/home/mrp/catkin_ws/src/MELEW-3/MELEW3_pkgs/qpOASES/qpOASES_svn/include/qpOASES/Flipper.hpp:40[m[K,
                 from [01m[K/home/mrp/catkin_ws/src/MELEW-3/MELEW3_pkgs/qpOASES/qpOASES_svn/include/qpOASES/QProblemB.hpp:42[m[K,
                 from [01m[K/home/mrp/catkin_ws/src/MELEW-3/MELEW3_pkgs/qpOASES/qpOASES_svn/src/QProblemB.cpp:36[m[K:
[01m[K/usr/include/x86_64-linux-gnu/bits/stdio2.h:67:35:[m[K [01;36m[Knote: [m[K‘[01m[K__builtin___snprintf_chk[m[K’ output between 50 and 232 bytes into a destination of size 160
   67 |   return [01;36m[K__builtin___snprintf_chk (__s, __n, __USE_FORTIFY_LEVEL - 1,[m[K
      |          [01;36m[K~~~~~~~~~~~~~~~~~~~~~~~~~^~~~~~~~~~~~~~~~~~~~~~~~~~~~~~~~~~~[m[K
   68 | [01;36m[K       __bos (__s), __fmt, __va_arg_pack ())[m[K;
      |        [01;36m[K~~~~~~~~~~~~~~~~~~~~~~~~~~~~~~~~~~~~~[m[K
[01m[K/home/mrp/catkin_ws/src/MELEW-3/MELEW3_pkgs/qpOASES/qpOASES_svn/src/QProblem.cpp:[m[K In member function ‘[01m[KqpOASES::returnValue qpOASES::QProblem::printIteration(qpOASES::int_t, qpOASES::int_t, qpOASES::SubjectToStatus, qpOASES::BooleanType, qpOASES::real_t, qpOASES::BooleanType)[m[K’:
[01m[K/home/mrp/catkin_ws/src/MELEW-3/MELEW3_pkgs/qpOASES/qpOASES_svn/src/QProblem.cpp:6213:76:[m[K [01;35m[Kwarning: [m[K‘[01m[K%s[m[K’ directive output may be truncated writing up to 159 bytes into a region of size between 119 and 135 [[01;35m[K-Wformat-truncation=[m[K]
 6213 |     snprintf( myPrintfString,MAX_STRING_LENGTH,"   %5.1d   |   %1.6e   |   [01;35m[K%s[m[K %4.1d   |  %4.1d   |  %4.1d   \n", (int)iter,tau,[32m[Kinfo[m[K,(int)BC_idx,(int)getNFX( ),(int)getNAC( ) );
      |                                                                            [01;35m[K^~[m[K                                                  [32m[K~~~~[m[K
In file included from [01m[K/usr/include/stdio.h:867[m[K,
                 from [01m[K/home/mrp/catkin_ws/src/MELEW-3/MELEW3_pkgs/qpOASES/qpOASES_svn/include/qpOASES/MessageHandling.hpp:39[m[K,
                 from [01m[K/home/mrp/catkin_ws/src/MELEW-3/MELEW3_pkgs/qpOASES/qpOASES_svn/include/qpOASES/Utils.hpp:39[m[K,
                 from [01m[K/home/mrp/catkin_ws/src/MELEW-3/MELEW3_pkgs/qpOASES/qpOASES_svn/include/qpOASES/Indexlist.hpp:40[m[K,
                 from [01m[K/home/mrp/catkin_ws/src/MELEW-3/MELEW3_pkgs/qpOASES/qpOASES_svn/include/qpOASES/SubjectTo.hpp:40[m[K,
                 from [01m[K/home/mrp/catkin_ws/src/MELEW-3/MELEW3_pkgs/qpOASES/qpOASES_svn/include/qpOASES/Bounds.hpp:40[m[K,
                 from [01m[K/home/mrp/catkin_ws/src/MELEW-3/MELEW3_pkgs/qpOASES/qpOASES_svn/include/qpOASES/Flipper.hpp:40[m[K,
                 from [01m[K/home/mrp/catkin_ws/src/MELEW-3/MELEW3_pkgs/qpOASES/qpOASES_svn/include/qpOASES/QProblemB.hpp:42[m[K,
                 from [01m[K/home/mrp/catkin_ws/src/MELEW-3/MELEW3_pkgs/qpOASES/qpOASES_svn/include/qpOASES/QProblem.hpp:41[m[K,
                 from [01m[K/home/mrp/catkin_ws/src/MELEW-3/MELEW3_pkgs/qpOASES/qpOASES_svn/src/QProblem.cpp:36[m[K:
[01m[K/usr/include/x86_64-linux-gnu/bits/stdio2.h:67:35:[m[K [01;36m[Knote: [m[K‘[01m[K__builtin___snprintf_chk[m[K’ output between 55 and 251 bytes into a destination of size 160
   67 |   return [01;36m[K__builtin___snprintf_chk (__s, __n, __USE_FORTIFY_LEVEL - 1,[m[K
      |          [01;36m[K~~~~~~~~~~~~~~~~~~~~~~~~~^~~~~~~~~~~~~~~~~~~~~~~~~~~~~~~~~~~[m[K
   68 | [01;36m[K       __bos (__s), __fmt, __va_arg_pack ())[m[K;
      |        [01;36m[K~~~~~~~~~~~~~~~~~~~~~~~~~~~~~~~~~~~~~[m[K
[01m[K/home/mrp/catkin_ws/src/MELEW-3/MELEW3_pkgs/qpOASES/qpOASES_svn/src/QProblem.cpp:6198:78:[m[K [01;35m[Kwarning: [m[K‘[01m[K%s[m[K’ directive output may be truncated writing up to 159 bytes into a region of size between 118 and 134 [[01;35m[K-Wformat-truncation=[m[K]
 6198 |      snprintf( myPrintfString,MAX_STRING_LENGTH,"   %5.1d*  |   %1.6e   |    [01;35m[K%s[m[K SOLVED     |  %4.1d   |  %4.1d   \n", (int)iter,tau,[32m[Kinfo[m[K,(int)getNFX( ),(int)getNAC( ) );
      |                                                                              [01;35m[K^~[m[K                                                     [32m[K~~~~[m[K
In file included from [01m[K/usr/include/stdio.h:867[m[K,
                 from [01m[K/home/mrp/catkin_ws/src/MELEW-3/MELEW3_pkgs/qpOASES/qpOASES_svn/include/qpOASES/MessageHandling.hpp:39[m[K,
                 from [01m[K/home/mrp/catkin_ws/src/MELEW-3/MELEW3_pkgs/qpOASES/qpOASES_svn/include/qpOASES/Utils.hpp:39[m[K,
                 from [01m[K/home/mrp/catkin_ws/src/MELEW-3/MELEW3_pkgs/qpOASES/qpOASES_svn/include/qpOASES/Indexlist.hpp:40[m[K,
                 from [01m[K/home/mrp/catkin_ws/src/MELEW-3/MELEW3_pkgs/qpOASES/qpOASES_svn/include/qpOASES/SubjectTo.hpp:40[m[K,
                 from [01m[K/home/mrp/catkin_ws/src/MELEW-3/MELEW3_pkgs/qpOASES/qpOASES_svn/include/qpOASES/Bounds.hpp:40[m[K,
                 from [01m[K/home/mrp/catkin_ws/src/MELEW-3/MELEW3_pkgs/qpOASES/qpOASES_svn/include/qpOASES/Flipper.hpp:40[m[K,
                 from [01m[K/home/mrp/catkin_ws/src/MELEW-3/MELEW3_pkgs/qpOASES/qpOASES_svn/include/qpOASES/QProblemB.hpp:42[m[K,
                 from [01m[K/home/mrp/catkin_ws/src/MELEW-3/MELEW3_pkgs/qpOASES/qpOASES_svn/include/qpOASES/QProblem.hpp:41[m[K,
                 from [01m[K/home/mrp/catkin_ws/src/MELEW-3/MELEW3_pkgs/qpOASES/qpOASES_svn/src/QProblem.cpp:36[m[K:
[01m[K/usr/include/x86_64-linux-gnu/bits/stdio2.h:67:35:[m[K [01;36m[Knote: [m[K‘[01m[K__builtin___snprintf_chk[m[K’ output between 60 and 249 bytes into a destination of size 160
   67 |   return [01;36m[K__builtin___snprintf_chk (__s, __n, __USE_FORTIFY_LEVEL - 1,[m[K
      |          [01;36m[K~~~~~~~~~~~~~~~~~~~~~~~~~^~~~~~~~~~~~~~~~~~~~~~~~~~~~~~~~~~~[m[K
   68 | [01;36m[K       __bos (__s), __fmt, __va_arg_pack ())[m[K;
      |        [01;36m[K~~~~~~~~~~~~~~~~~~~~~~~~~~~~~~~~~~~~~[m[K
[01m[K/home/mrp/catkin_ws/src/MELEW-3/MELEW3_pkgs/qpOASES/qpOASES_svn/src/QProblem.cpp:6196:78:[m[K [01;35m[Kwarning: [m[K‘[01m[K%s[m[K’ directive output may be truncated writing up to 159 bytes into a region of size between 118 and 134 [[01;35m[K-Wformat-truncation=[m[K]
 6196 |      snprintf( myPrintfString,MAX_STRING_LENGTH,"   %5.1d   |   %1.6e   |    [01;35m[K%s[m[K SOLVED     |  %4.1d   |  %4.1d   \n", (int)iter,tau,[32m[Kinfo[m[K,(int)getNFX( ),(int)getNAC( ) );
      |                                                                              [01;35m[K^~[m[K                                                     [32m[K~~~~[m[K
In file included from [01m[K/usr/include/stdio.h:867[m[K,
                 from [01m[K/home/mrp/catkin_ws/src/MELEW-3/MELEW3_pkgs/qpOASES/qpOASES_svn/include/qpOASES/MessageHandling.hpp:39[m[K,
                 from [01m[K/home/mrp/catkin_ws/src/MELEW-3/MELEW3_pkgs/qpOASES/qpOASES_svn/include/qpOASES/Utils.hpp:39[m[K,
                 from [01m[K/home/mrp/catkin_ws/src/MELEW-3/MELEW3_pkgs/qpOASES/qpOASES_svn/include/qpOASES/Indexlist.hpp:40[m[K,
                 from [01m[K/home/mrp/catkin_ws/src/MELEW-3/MELEW3_pkgs/qpOASES/qpOASES_svn/include/qpOASES/SubjectTo.hpp:40[m[K,
                 from [01m[K/home/mrp/catkin_ws/src/MELEW-3/MELEW3_pkgs/qpOASES/qpOASES_svn/include/qpOASES/Bounds.hpp:40[m[K,
                 from [01m[K/home/mrp/catkin_ws/src/MELEW-3/MELEW3_pkgs/qpOASES/qpOASES_svn/include/qpOASES/Flipper.hpp:40[m[K,
                 from [01m[K/home/mrp/catkin_ws/src/MELEW-3/MELEW3_pkgs/qpOASES/qpOASES_svn/include/qpOASES/QProblemB.hpp:42[m[K,
                 from [01m[K/home/mrp/catkin_ws/src/MELEW-3/MELEW3_pkgs/qpOASES/qpOASES_svn/include/qpOASES/QProblem.hpp:41[m[K,
                 from [01m[K/home/mrp/catkin_ws/src/MELEW-3/MELEW3_pkgs/qpOASES/qpOASES_svn/src/QProblem.cpp:36[m[K:
[01m[K/usr/include/x86_64-linux-gnu/bits/stdio2.h:67:35:[m[K [01;36m[Knote: [m[K‘[01m[K__builtin___snprintf_chk[m[K’ output between 60 and 249 bytes into a destination of size 160
   67 |   return [01;36m[K__builtin___snprintf_chk (__s, __n, __USE_FORTIFY_LEVEL - 1,[m[K
      |          [01;36m[K~~~~~~~~~~~~~~~~~~~~~~~~~^~~~~~~~~~~~~~~~~~~~~~~~~~~~~~~~~~~[m[K
   68 | [01;36m[K       __bos (__s), __fmt, __va_arg_pack ())[m[K;
      |        [01;36m[K~~~~~~~~~~~~~~~~~~~~~~~~~~~~~~~~~~~~~[m[K
