Performing C++ SOURCE FILE Test CMAKE_HAVE_LIBC_PTHREAD failed with the following output:
Change Dir: /home/mrp/catkin_ws/build/qpOASES/CMakeFiles/CMakeTmp

Run Build Command(s):/usr/bin/make cmTC_ad37c/fast && /usr/bin/make -f CMakeFiles/cmTC_ad37c.dir/build.make CMakeFiles/cmTC_ad37c.dir/build
make[1]: Entering directory '/home/mrp/catkin_ws/build/qpOASES/CMakeFiles/CMakeTmp'
Building CXX object CMakeFiles/cmTC_ad37c.dir/src.cxx.o
/usr/bin/c++    -DCMAKE_HAVE_LIBC_PTHREAD   -o CMakeFiles/cmTC_ad37c.dir/src.cxx.o -c /home/mrp/catkin_ws/build/qpOASES/CMakeFiles/CMakeTmp/src.cxx
Linking CXX executable cmTC_ad37c
/usr/bin/cmake -E cmake_link_script CMakeFiles/cmTC_ad37c.dir/link.txt --verbose=1
/usr/bin/c++   -DCMAKE_HAVE_LIBC_PTHREAD    -rdynamic CMakeFiles/cmTC_ad37c.dir/src.cxx.o  -o cmTC_ad37c 
/usr/bin/ld: CMakeFiles/cmTC_ad37c.dir/src.cxx.o: in function `main':
src.cxx:(.text+0x46): undefined reference to `pthread_create'
/usr/bin/ld: src.cxx:(.text+0x52): undefined reference to `pthread_detach'
/usr/bin/ld: src.cxx:(.text+0x63): undefined reference to `pthread_join'
collect2: error: ld returned 1 exit status
make[1]: *** [CMakeFiles/cmTC_ad37c.dir/build.make:87: cmTC_ad37c] Error 1
make[1]: Leaving directory '/home/mrp/catkin_ws/build/qpOASES/CMakeFiles/CMakeTmp'
make: *** [Makefile:121: cmTC_ad37c/fast] Error 2


Source file was:
#include <pthread.h>

void* test_func(void* data)
{
  return data;
}

int main(void)
{
  pthread_t thread;
  pthread_create(&thread, NULL, test_func, NULL);
  pthread_detach(thread);
  pthread_join(thread, NULL);
  pthread_atfork(NULL, NULL, NULL);
  pthread_exit(NULL);

  return 0;
}

Determining if the function pthread_create exists in the pthreads failed with the following output:
Change Dir: /home/mrp/catkin_ws/build/qpOASES/CMakeFiles/CMakeTmp

Run Build Command(s):/usr/bin/make cmTC_64b7c/fast && /usr/bin/make -f CMakeFiles/cmTC_64b7c.dir/build.make CMakeFiles/cmTC_64b7c.dir/build
make[1]: Entering directory '/home/mrp/catkin_ws/build/qpOASES/CMakeFiles/CMakeTmp'
Building CXX object CMakeFiles/cmTC_64b7c.dir/CheckFunctionExists.cxx.o
/usr/bin/c++    -DCHECK_FUNCTION_EXISTS=pthread_create   -o CMakeFiles/cmTC_64b7c.dir/CheckFunctionExists.cxx.o -c /home/mrp/catkin_ws/build/qpOASES/CMakeFiles/CheckLibraryExists/CheckFunctionExists.cxx
Linking CXX executable cmTC_64b7c
/usr/bin/cmake -E cmake_link_script CMakeFiles/cmTC_64b7c.dir/link.txt --verbose=1
/usr/bin/c++   -DCHECK_FUNCTION_EXISTS=pthread_create    -rdynamic CMakeFiles/cmTC_64b7c.dir/CheckFunctionExists.cxx.o  -o cmTC_64b7c  -lpthreads 
/usr/bin/ld: cannot find -lpthreads
collect2: error: ld returned 1 exit status
make[1]: *** [CMakeFiles/cmTC_64b7c.dir/build.make:87: cmTC_64b7c] Error 1
make[1]: Leaving directory '/home/mrp/catkin_ws/build/qpOASES/CMakeFiles/CMakeTmp'
make: *** [Makefile:121: cmTC_64b7c/fast] Error 2



