Linked: (/home/mrp/catkin_ws/devel/.private/melew3_msgs/share/melew3_msgs/cmake/melew3_msgsConfig-version.cmake, /home/mrp/catkin_ws/devel/share/melew3_msgs/cmake/melew3_msgsConfig-version.cmake)
Linked: (/home/mrp/catkin_ws/devel/.private/melew3_msgs/share/melew3_msgs/cmake/melew3_msgs-msg-paths.cmake, /home/mrp/catkin_ws/devel/share/melew3_msgs/cmake/melew3_msgs-msg-paths.cmake)
Linked: (/home/mrp/catkin_ws/devel/.private/melew3_msgs/share/melew3_msgs/cmake/melew3_msgsConfig.cmake, /home/mrp/catkin_ws/devel/share/melew3_msgs/cmake/melew3_msgsConfig.cmake)
Linked: (/home/mrp/catkin_ws/devel/.private/melew3_msgs/share/melew3_msgs/cmake/melew3_msgs-msg-extras.cmake, /home/mrp/catkin_ws/devel/share/melew3_msgs/cmake/melew3_msgs-msg-extras.cmake)
Linked: (/home/mrp/catkin_ws/devel/.private/melew3_msgs/share/gennodejs/ros/melew3_msgs/_index.js, /home/mrp/catkin_ws/devel/share/gennodejs/ros/melew3_msgs/_index.js)
Linked: (/home/mrp/catkin_ws/devel/.private/melew3_msgs/share/gennodejs/ros/melew3_msgs/msg/leg_pose.js, /home/mrp/catkin_ws/devel/share/gennodejs/ros/melew3_msgs/msg/leg_pose.js)
Linked: (/home/mrp/catkin_ws/devel/.private/melew3_msgs/share/gennodejs/ros/melew3_msgs/msg/leg_info_set.js, /home/mrp/catkin_ws/devel/share/gennodejs/ros/melew3_msgs/msg/leg_info_set.js)
Linked: (/home/mrp/catkin_ws/devel/.private/melew3_msgs/share/gennodejs/ros/melew3_msgs/msg/motor_info.js, /home/mrp/catkin_ws/devel/share/gennodejs/ros/melew3_msgs/msg/motor_info.js)
Linked: (/home/mrp/catkin_ws/devel/.private/melew3_msgs/share/gennodejs/ros/melew3_msgs/msg/Motion.js, /home/mrp/catkin_ws/devel/share/gennodejs/ros/melew3_msgs/msg/Motion.js)
Linked: (/home/mrp/catkin_ws/devel/.private/melew3_msgs/share/gennodejs/ros/melew3_msgs/msg/LinkInfoArray.js, /home/mrp/catkin_ws/devel/share/gennodejs/ros/melew3_msgs/msg/LinkInfoArray.js)
Linked: (/home/mrp/catkin_ws/devel/.private/melew3_msgs/share/gennodejs/ros/melew3_msgs/msg/PointArray.js, /home/mrp/catkin_ws/devel/share/gennodejs/ros/melew3_msgs/msg/PointArray.js)
Linked: (/home/mrp/catkin_ws/devel/.private/melew3_msgs/share/gennodejs/ros/melew3_msgs/msg/MotionCommand.js, /home/mrp/catkin_ws/devel/share/gennodejs/ros/melew3_msgs/msg/MotionCommand.js)
Linked: (/home/mrp/catkin_ws/devel/.private/melew3_msgs/share/gennodejs/ros/melew3_msgs/msg/waypoint.js, /home/mrp/catkin_ws/devel/share/gennodejs/ros/melew3_msgs/msg/waypoint.js)
Linked: (/home/mrp/catkin_ws/devel/.private/melew3_msgs/share/gennodejs/ros/melew3_msgs/msg/leg_info.js, /home/mrp/catkin_ws/devel/share/gennodejs/ros/melew3_msgs/msg/leg_info.js)
Linked: (/home/mrp/catkin_ws/devel/.private/melew3_msgs/share/gennodejs/ros/melew3_msgs/msg/ImpedanceCommand.js, /home/mrp/catkin_ws/devel/share/gennodejs/ros/melew3_msgs/msg/ImpedanceCommand.js)
Linked: (/home/mrp/catkin_ws/devel/.private/melew3_msgs/share/gennodejs/ros/melew3_msgs/msg/_index.js, /home/mrp/catkin_ws/devel/share/gennodejs/ros/melew3_msgs/msg/_index.js)
Linked: (/home/mrp/catkin_ws/devel/.private/melew3_msgs/share/gennodejs/ros/melew3_msgs/srv/GenericMd80Msg.js, /home/mrp/catkin_ws/devel/share/gennodejs/ros/melew3_msgs/srv/GenericMd80Msg.js)
Linked: (/home/mrp/catkin_ws/devel/.private/melew3_msgs/share/gennodejs/ros/melew3_msgs/srv/AddMd80s.js, /home/mrp/catkin_ws/devel/share/gennodejs/ros/melew3_msgs/srv/AddMd80s.js)
Linked: (/home/mrp/catkin_ws/devel/.private/melew3_msgs/share/gennodejs/ros/melew3_msgs/srv/servo_setting.js, /home/mrp/catkin_ws/devel/share/gennodejs/ros/melew3_msgs/srv/servo_setting.js)
Linked: (/home/mrp/catkin_ws/devel/.private/melew3_msgs/share/gennodejs/ros/melew3_msgs/srv/SetLimitsMd80.js, /home/mrp/catkin_ws/devel/share/gennodejs/ros/melew3_msgs/srv/SetLimitsMd80.js)
Linked: (/home/mrp/catkin_ws/devel/.private/melew3_msgs/share/gennodejs/ros/melew3_msgs/srv/set_pd_gain.js, /home/mrp/catkin_ws/devel/share/gennodejs/ros/melew3_msgs/srv/set_pd_gain.js)
Linked: (/home/mrp/catkin_ws/devel/.private/melew3_msgs/share/gennodejs/ros/melew3_msgs/srv/SetModeMd80s.js, /home/mrp/catkin_ws/devel/share/gennodejs/ros/melew3_msgs/srv/SetModeMd80s.js)
Linked: (/home/mrp/catkin_ws/devel/.private/melew3_msgs/share/gennodejs/ros/melew3_msgs/srv/FallAvoidanceMotion.js, /home/mrp/catkin_ws/devel/share/gennodejs/ros/melew3_msgs/srv/FallAvoidanceMotion.js)
Linked: (/home/mrp/catkin_ws/devel/.private/melew3_msgs/share/gennodejs/ros/melew3_msgs/srv/robot_config.js, /home/mrp/catkin_ws/devel/share/gennodejs/ros/melew3_msgs/srv/robot_config.js)
Linked: (/home/mrp/catkin_ws/devel/.private/melew3_msgs/share/gennodejs/ros/melew3_msgs/srv/enter_control_mode.js, /home/mrp/catkin_ws/devel/share/gennodejs/ros/melew3_msgs/srv/enter_control_mode.js)
Linked: (/home/mrp/catkin_ws/devel/.private/melew3_msgs/share/gennodejs/ros/melew3_msgs/srv/exit_control_mode.js, /home/mrp/catkin_ws/devel/share/gennodejs/ros/melew3_msgs/srv/exit_control_mode.js)
Linked: (/home/mrp/catkin_ws/devel/.private/melew3_msgs/share/gennodejs/ros/melew3_msgs/srv/set_position_zero.js, /home/mrp/catkin_ws/devel/share/gennodejs/ros/melew3_msgs/srv/set_position_zero.js)
Linked: (/home/mrp/catkin_ws/devel/.private/melew3_msgs/share/gennodejs/ros/melew3_msgs/srv/_index.js, /home/mrp/catkin_ws/devel/share/gennodejs/ros/melew3_msgs/srv/_index.js)
Linked: (/home/mrp/catkin_ws/devel/.private/melew3_msgs/share/common-lisp/ros/melew3_msgs/msg/PointArray.lisp, /home/mrp/catkin_ws/devel/share/common-lisp/ros/melew3_msgs/msg/PointArray.lisp)
Linked: (/home/mrp/catkin_ws/devel/.private/melew3_msgs/share/common-lisp/ros/melew3_msgs/msg/_package_motor_info.lisp, /home/mrp/catkin_ws/devel/share/common-lisp/ros/melew3_msgs/msg/_package_motor_info.lisp)
Linked: (/home/mrp/catkin_ws/devel/.private/melew3_msgs/share/common-lisp/ros/melew3_msgs/msg/_package_ImpedanceCommand.lisp, /home/mrp/catkin_ws/devel/share/common-lisp/ros/melew3_msgs/msg/_package_ImpedanceCommand.lisp)
Linked: (/home/mrp/catkin_ws/devel/.private/melew3_msgs/share/common-lisp/ros/melew3_msgs/msg/_package_LinkInfoArray.lisp, /home/mrp/catkin_ws/devel/share/common-lisp/ros/melew3_msgs/msg/_package_LinkInfoArray.lisp)
Linked: (/home/mrp/catkin_ws/devel/.private/melew3_msgs/share/common-lisp/ros/melew3_msgs/msg/waypoint.lisp, /home/mrp/catkin_ws/devel/share/common-lisp/ros/melew3_msgs/msg/waypoint.lisp)
Linked: (/home/mrp/catkin_ws/devel/.private/melew3_msgs/share/common-lisp/ros/melew3_msgs/msg/MotionCommand.lisp, /home/mrp/catkin_ws/devel/share/common-lisp/ros/melew3_msgs/msg/MotionCommand.lisp)
Linked: (/home/mrp/catkin_ws/devel/.private/melew3_msgs/share/common-lisp/ros/melew3_msgs/msg/ImpedanceCommand.lisp, /home/mrp/catkin_ws/devel/share/common-lisp/ros/melew3_msgs/msg/ImpedanceCommand.lisp)
Linked: (/home/mrp/catkin_ws/devel/.private/melew3_msgs/share/common-lisp/ros/melew3_msgs/msg/LinkInfoArray.lisp, /home/mrp/catkin_ws/devel/share/common-lisp/ros/melew3_msgs/msg/LinkInfoArray.lisp)
Linked: (/home/mrp/catkin_ws/devel/.private/melew3_msgs/share/common-lisp/ros/melew3_msgs/msg/Motion.lisp, /home/mrp/catkin_ws/devel/share/common-lisp/ros/melew3_msgs/msg/Motion.lisp)
Linked: (/home/mrp/catkin_ws/devel/.private/melew3_msgs/share/common-lisp/ros/melew3_msgs/msg/_package_leg_info_set.lisp, /home/mrp/catkin_ws/devel/share/common-lisp/ros/melew3_msgs/msg/_package_leg_info_set.lisp)
Linked: (/home/mrp/catkin_ws/devel/.private/melew3_msgs/share/common-lisp/ros/melew3_msgs/msg/leg_pose.lisp, /home/mrp/catkin_ws/devel/share/common-lisp/ros/melew3_msgs/msg/leg_pose.lisp)
Linked: (/home/mrp/catkin_ws/devel/.private/melew3_msgs/share/common-lisp/ros/melew3_msgs/msg/_package_Motion.lisp, /home/mrp/catkin_ws/devel/share/common-lisp/ros/melew3_msgs/msg/_package_Motion.lisp)
Linked: (/home/mrp/catkin_ws/devel/.private/melew3_msgs/share/common-lisp/ros/melew3_msgs/msg/_package_leg_pose.lisp, /home/mrp/catkin_ws/devel/share/common-lisp/ros/melew3_msgs/msg/_package_leg_pose.lisp)
Linked: (/home/mrp/catkin_ws/devel/.private/melew3_msgs/share/common-lisp/ros/melew3_msgs/msg/motor_info.lisp, /home/mrp/catkin_ws/devel/share/common-lisp/ros/melew3_msgs/msg/motor_info.lisp)
Linked: (/home/mrp/catkin_ws/devel/.private/melew3_msgs/share/common-lisp/ros/melew3_msgs/msg/_package_waypoint.lisp, /home/mrp/catkin_ws/devel/share/common-lisp/ros/melew3_msgs/msg/_package_waypoint.lisp)
Linked: (/home/mrp/catkin_ws/devel/.private/melew3_msgs/share/common-lisp/ros/melew3_msgs/msg/_package_MotionCommand.lisp, /home/mrp/catkin_ws/devel/share/common-lisp/ros/melew3_msgs/msg/_package_MotionCommand.lisp)
Linked: (/home/mrp/catkin_ws/devel/.private/melew3_msgs/share/common-lisp/ros/melew3_msgs/msg/leg_info_set.lisp, /home/mrp/catkin_ws/devel/share/common-lisp/ros/melew3_msgs/msg/leg_info_set.lisp)
Linked: (/home/mrp/catkin_ws/devel/.private/melew3_msgs/share/common-lisp/ros/melew3_msgs/msg/melew3_msgs-msg.asd, /home/mrp/catkin_ws/devel/share/common-lisp/ros/melew3_msgs/msg/melew3_msgs-msg.asd)
Linked: (/home/mrp/catkin_ws/devel/.private/melew3_msgs/share/common-lisp/ros/melew3_msgs/msg/_package_leg_info.lisp, /home/mrp/catkin_ws/devel/share/common-lisp/ros/melew3_msgs/msg/_package_leg_info.lisp)
Linked: (/home/mrp/catkin_ws/devel/.private/melew3_msgs/share/common-lisp/ros/melew3_msgs/msg/_package_PointArray.lisp, /home/mrp/catkin_ws/devel/share/common-lisp/ros/melew3_msgs/msg/_package_PointArray.lisp)
Linked: (/home/mrp/catkin_ws/devel/.private/melew3_msgs/share/common-lisp/ros/melew3_msgs/msg/_package.lisp, /home/mrp/catkin_ws/devel/share/common-lisp/ros/melew3_msgs/msg/_package.lisp)
Linked: (/home/mrp/catkin_ws/devel/.private/melew3_msgs/share/common-lisp/ros/melew3_msgs/msg/leg_info.lisp, /home/mrp/catkin_ws/devel/share/common-lisp/ros/melew3_msgs/msg/leg_info.lisp)
Linked: (/home/mrp/catkin_ws/devel/.private/melew3_msgs/share/common-lisp/ros/melew3_msgs/srv/_package_set_position_zero.lisp, /home/mrp/catkin_ws/devel/share/common-lisp/ros/melew3_msgs/srv/_package_set_position_zero.lisp)
Linked: (/home/mrp/catkin_ws/devel/.private/melew3_msgs/share/common-lisp/ros/melew3_msgs/srv/SetModeMd80s.lisp, /home/mrp/catkin_ws/devel/share/common-lisp/ros/melew3_msgs/srv/SetModeMd80s.lisp)
Linked: (/home/mrp/catkin_ws/devel/.private/melew3_msgs/share/common-lisp/ros/melew3_msgs/srv/set_pd_gain.lisp, /home/mrp/catkin_ws/devel/share/common-lisp/ros/melew3_msgs/srv/set_pd_gain.lisp)
Linked: (/home/mrp/catkin_ws/devel/.private/melew3_msgs/share/common-lisp/ros/melew3_msgs/srv/set_position_zero.lisp, /home/mrp/catkin_ws/devel/share/common-lisp/ros/melew3_msgs/srv/set_position_zero.lisp)
Linked: (/home/mrp/catkin_ws/devel/.private/melew3_msgs/share/common-lisp/ros/melew3_msgs/srv/SetLimitsMd80.lisp, /home/mrp/catkin_ws/devel/share/common-lisp/ros/melew3_msgs/srv/SetLimitsMd80.lisp)
Linked: (/home/mrp/catkin_ws/devel/.private/melew3_msgs/share/common-lisp/ros/melew3_msgs/srv/_package_FallAvoidanceMotion.lisp, /home/mrp/catkin_ws/devel/share/common-lisp/ros/melew3_msgs/srv/_package_FallAvoidanceMotion.lisp)
Linked: (/home/mrp/catkin_ws/devel/.private/melew3_msgs/share/common-lisp/ros/melew3_msgs/srv/_package_AddMd80s.lisp, /home/mrp/catkin_ws/devel/share/common-lisp/ros/melew3_msgs/srv/_package_AddMd80s.lisp)
Linked: (/home/mrp/catkin_ws/devel/.private/melew3_msgs/share/common-lisp/ros/melew3_msgs/srv/_package_servo_setting.lisp, /home/mrp/catkin_ws/devel/share/common-lisp/ros/melew3_msgs/srv/_package_servo_setting.lisp)
Linked: (/home/mrp/catkin_ws/devel/.private/melew3_msgs/share/common-lisp/ros/melew3_msgs/srv/melew3_msgs-srv.asd, /home/mrp/catkin_ws/devel/share/common-lisp/ros/melew3_msgs/srv/melew3_msgs-srv.asd)
Linked: (/home/mrp/catkin_ws/devel/.private/melew3_msgs/share/common-lisp/ros/melew3_msgs/srv/FallAvoidanceMotion.lisp, /home/mrp/catkin_ws/devel/share/common-lisp/ros/melew3_msgs/srv/FallAvoidanceMotion.lisp)
Linked: (/home/mrp/catkin_ws/devel/.private/melew3_msgs/share/common-lisp/ros/melew3_msgs/srv/_package_robot_config.lisp, /home/mrp/catkin_ws/devel/share/common-lisp/ros/melew3_msgs/srv/_package_robot_config.lisp)
Linked: (/home/mrp/catkin_ws/devel/.private/melew3_msgs/share/common-lisp/ros/melew3_msgs/srv/exit_control_mode.lisp, /home/mrp/catkin_ws/devel/share/common-lisp/ros/melew3_msgs/srv/exit_control_mode.lisp)
Linked: (/home/mrp/catkin_ws/devel/.private/melew3_msgs/share/common-lisp/ros/melew3_msgs/srv/servo_setting.lisp, /home/mrp/catkin_ws/devel/share/common-lisp/ros/melew3_msgs/srv/servo_setting.lisp)
Linked: (/home/mrp/catkin_ws/devel/.private/melew3_msgs/share/common-lisp/ros/melew3_msgs/srv/_package_set_pd_gain.lisp, /home/mrp/catkin_ws/devel/share/common-lisp/ros/melew3_msgs/srv/_package_set_pd_gain.lisp)
Linked: (/home/mrp/catkin_ws/devel/.private/melew3_msgs/share/common-lisp/ros/melew3_msgs/srv/AddMd80s.lisp, /home/mrp/catkin_ws/devel/share/common-lisp/ros/melew3_msgs/srv/AddMd80s.lisp)
Linked: (/home/mrp/catkin_ws/devel/.private/melew3_msgs/share/common-lisp/ros/melew3_msgs/srv/_package_exit_control_mode.lisp, /home/mrp/catkin_ws/devel/share/common-lisp/ros/melew3_msgs/srv/_package_exit_control_mode.lisp)
Linked: (/home/mrp/catkin_ws/devel/.private/melew3_msgs/share/common-lisp/ros/melew3_msgs/srv/_package_GenericMd80Msg.lisp, /home/mrp/catkin_ws/devel/share/common-lisp/ros/melew3_msgs/srv/_package_GenericMd80Msg.lisp)
Linked: (/home/mrp/catkin_ws/devel/.private/melew3_msgs/share/common-lisp/ros/melew3_msgs/srv/robot_config.lisp, /home/mrp/catkin_ws/devel/share/common-lisp/ros/melew3_msgs/srv/robot_config.lisp)
Linked: (/home/mrp/catkin_ws/devel/.private/melew3_msgs/share/common-lisp/ros/melew3_msgs/srv/enter_control_mode.lisp, /home/mrp/catkin_ws/devel/share/common-lisp/ros/melew3_msgs/srv/enter_control_mode.lisp)
Linked: (/home/mrp/catkin_ws/devel/.private/melew3_msgs/share/common-lisp/ros/melew3_msgs/srv/GenericMd80Msg.lisp, /home/mrp/catkin_ws/devel/share/common-lisp/ros/melew3_msgs/srv/GenericMd80Msg.lisp)
Linked: (/home/mrp/catkin_ws/devel/.private/melew3_msgs/share/common-lisp/ros/melew3_msgs/srv/_package_SetModeMd80s.lisp, /home/mrp/catkin_ws/devel/share/common-lisp/ros/melew3_msgs/srv/_package_SetModeMd80s.lisp)
Linked: (/home/mrp/catkin_ws/devel/.private/melew3_msgs/share/common-lisp/ros/melew3_msgs/srv/_package_enter_control_mode.lisp, /home/mrp/catkin_ws/devel/share/common-lisp/ros/melew3_msgs/srv/_package_enter_control_mode.lisp)
Linked: (/home/mrp/catkin_ws/devel/.private/melew3_msgs/share/common-lisp/ros/melew3_msgs/srv/_package_SetLimitsMd80.lisp, /home/mrp/catkin_ws/devel/share/common-lisp/ros/melew3_msgs/srv/_package_SetLimitsMd80.lisp)
Linked: (/home/mrp/catkin_ws/devel/.private/melew3_msgs/share/common-lisp/ros/melew3_msgs/srv/_package.lisp, /home/mrp/catkin_ws/devel/share/common-lisp/ros/melew3_msgs/srv/_package.lisp)
Linked: (/home/mrp/catkin_ws/devel/.private/melew3_msgs/share/roseus/ros/melew3_msgs/manifest.l, /home/mrp/catkin_ws/devel/share/roseus/ros/melew3_msgs/manifest.l)
Linked: (/home/mrp/catkin_ws/devel/.private/melew3_msgs/share/roseus/ros/melew3_msgs/msg/leg_pose.l, /home/mrp/catkin_ws/devel/share/roseus/ros/melew3_msgs/msg/leg_pose.l)
Linked: (/home/mrp/catkin_ws/devel/.private/melew3_msgs/share/roseus/ros/melew3_msgs/msg/Motion.l, /home/mrp/catkin_ws/devel/share/roseus/ros/melew3_msgs/msg/Motion.l)
Linked: (/home/mrp/catkin_ws/devel/.private/melew3_msgs/share/roseus/ros/melew3_msgs/msg/leg_info_set.l, /home/mrp/catkin_ws/devel/share/roseus/ros/melew3_msgs/msg/leg_info_set.l)
Linked: (/home/mrp/catkin_ws/devel/.private/melew3_msgs/share/roseus/ros/melew3_msgs/msg/PointArray.l, /home/mrp/catkin_ws/devel/share/roseus/ros/melew3_msgs/msg/PointArray.l)
Linked: (/home/mrp/catkin_ws/devel/.private/melew3_msgs/share/roseus/ros/melew3_msgs/msg/waypoint.l, /home/mrp/catkin_ws/devel/share/roseus/ros/melew3_msgs/msg/waypoint.l)
Linked: (/home/mrp/catkin_ws/devel/.private/melew3_msgs/share/roseus/ros/melew3_msgs/msg/MotionCommand.l, /home/mrp/catkin_ws/devel/share/roseus/ros/melew3_msgs/msg/MotionCommand.l)
Linked: (/home/mrp/catkin_ws/devel/.private/melew3_msgs/share/roseus/ros/melew3_msgs/msg/leg_info.l, /home/mrp/catkin_ws/devel/share/roseus/ros/melew3_msgs/msg/leg_info.l)
Linked: (/home/mrp/catkin_ws/devel/.private/melew3_msgs/share/roseus/ros/melew3_msgs/msg/ImpedanceCommand.l, /home/mrp/catkin_ws/devel/share/roseus/ros/melew3_msgs/msg/ImpedanceCommand.l)
Linked: (/home/mrp/catkin_ws/devel/.private/melew3_msgs/share/roseus/ros/melew3_msgs/msg/motor_info.l, /home/mrp/catkin_ws/devel/share/roseus/ros/melew3_msgs/msg/motor_info.l)
Linked: (/home/mrp/catkin_ws/devel/.private/melew3_msgs/share/roseus/ros/melew3_msgs/msg/LinkInfoArray.l, /home/mrp/catkin_ws/devel/share/roseus/ros/melew3_msgs/msg/LinkInfoArray.l)
Linked: (/home/mrp/catkin_ws/devel/.private/melew3_msgs/share/roseus/ros/melew3_msgs/srv/GenericMd80Msg.l, /home/mrp/catkin_ws/devel/share/roseus/ros/melew3_msgs/srv/GenericMd80Msg.l)
Linked: (/home/mrp/catkin_ws/devel/.private/melew3_msgs/share/roseus/ros/melew3_msgs/srv/exit_control_mode.l, /home/mrp/catkin_ws/devel/share/roseus/ros/melew3_msgs/srv/exit_control_mode.l)
Linked: (/home/mrp/catkin_ws/devel/.private/melew3_msgs/share/roseus/ros/melew3_msgs/srv/SetLimitsMd80.l, /home/mrp/catkin_ws/devel/share/roseus/ros/melew3_msgs/srv/SetLimitsMd80.l)
Linked: (/home/mrp/catkin_ws/devel/.private/melew3_msgs/share/roseus/ros/melew3_msgs/srv/enter_control_mode.l, /home/mrp/catkin_ws/devel/share/roseus/ros/melew3_msgs/srv/enter_control_mode.l)
Linked: (/home/mrp/catkin_ws/devel/.private/melew3_msgs/share/roseus/ros/melew3_msgs/srv/AddMd80s.l, /home/mrp/catkin_ws/devel/share/roseus/ros/melew3_msgs/srv/AddMd80s.l)
Linked: (/home/mrp/catkin_ws/devel/.private/melew3_msgs/share/roseus/ros/melew3_msgs/srv/servo_setting.l, /home/mrp/catkin_ws/devel/share/roseus/ros/melew3_msgs/srv/servo_setting.l)
Linked: (/home/mrp/catkin_ws/devel/.private/melew3_msgs/share/roseus/ros/melew3_msgs/srv/SetModeMd80s.l, /home/mrp/catkin_ws/devel/share/roseus/ros/melew3_msgs/srv/SetModeMd80s.l)
Linked: (/home/mrp/catkin_ws/devel/.private/melew3_msgs/share/roseus/ros/melew3_msgs/srv/set_position_zero.l, /home/mrp/catkin_ws/devel/share/roseus/ros/melew3_msgs/srv/set_position_zero.l)
Linked: (/home/mrp/catkin_ws/devel/.private/melew3_msgs/share/roseus/ros/melew3_msgs/srv/set_pd_gain.l, /home/mrp/catkin_ws/devel/share/roseus/ros/melew3_msgs/srv/set_pd_gain.l)
Linked: (/home/mrp/catkin_ws/devel/.private/melew3_msgs/share/roseus/ros/melew3_msgs/srv/FallAvoidanceMotion.l, /home/mrp/catkin_ws/devel/share/roseus/ros/melew3_msgs/srv/FallAvoidanceMotion.l)
Linked: (/home/mrp/catkin_ws/devel/.private/melew3_msgs/share/roseus/ros/melew3_msgs/srv/robot_config.l, /home/mrp/catkin_ws/devel/share/roseus/ros/melew3_msgs/srv/robot_config.l)
Linked: (/home/mrp/catkin_ws/devel/.private/melew3_msgs/include/melew3_msgs/MotionCommand.h, /home/mrp/catkin_ws/devel/include/melew3_msgs/MotionCommand.h)
Linked: (/home/mrp/catkin_ws/devel/.private/melew3_msgs/include/melew3_msgs/set_pd_gain.h, /home/mrp/catkin_ws/devel/include/melew3_msgs/set_pd_gain.h)
Linked: (/home/mrp/catkin_ws/devel/.private/melew3_msgs/include/melew3_msgs/FallAvoidanceMotionRequest.h, /home/mrp/catkin_ws/devel/include/melew3_msgs/FallAvoidanceMotionRequest.h)
Linked: (/home/mrp/catkin_ws/devel/.private/melew3_msgs/include/melew3_msgs/FallAvoidanceMotionResponse.h, /home/mrp/catkin_ws/devel/include/melew3_msgs/FallAvoidanceMotionResponse.h)
Linked: (/home/mrp/catkin_ws/devel/.private/melew3_msgs/include/melew3_msgs/enter_control_modeRequest.h, /home/mrp/catkin_ws/devel/include/melew3_msgs/enter_control_modeRequest.h)
Linked: (/home/mrp/catkin_ws/devel/.private/melew3_msgs/include/melew3_msgs/set_position_zeroRequest.h, /home/mrp/catkin_ws/devel/include/melew3_msgs/set_position_zeroRequest.h)
Linked: (/home/mrp/catkin_ws/devel/.private/melew3_msgs/include/melew3_msgs/servo_settingRequest.h, /home/mrp/catkin_ws/devel/include/melew3_msgs/servo_settingRequest.h)
Linked: (/home/mrp/catkin_ws/devel/.private/melew3_msgs/include/melew3_msgs/robot_configResponse.h, /home/mrp/catkin_ws/devel/include/melew3_msgs/robot_configResponse.h)
Linked: (/home/mrp/catkin_ws/devel/.private/melew3_msgs/include/melew3_msgs/leg_info_set.h, /home/mrp/catkin_ws/devel/include/melew3_msgs/leg_info_set.h)
Linked: (/home/mrp/catkin_ws/devel/.private/melew3_msgs/include/melew3_msgs/set_position_zeroResponse.h, /home/mrp/catkin_ws/devel/include/melew3_msgs/set_position_zeroResponse.h)
Linked: (/home/mrp/catkin_ws/devel/.private/melew3_msgs/include/melew3_msgs/servo_setting.h, /home/mrp/catkin_ws/devel/include/melew3_msgs/servo_setting.h)
Linked: (/home/mrp/catkin_ws/devel/.private/melew3_msgs/include/melew3_msgs/robot_configRequest.h, /home/mrp/catkin_ws/devel/include/melew3_msgs/robot_configRequest.h)
Linked: (/home/mrp/catkin_ws/devel/.private/melew3_msgs/include/melew3_msgs/exit_control_modeResponse.h, /home/mrp/catkin_ws/devel/include/melew3_msgs/exit_control_modeResponse.h)
Linked: (/home/mrp/catkin_ws/devel/.private/melew3_msgs/include/melew3_msgs/AddMd80s.h, /home/mrp/catkin_ws/devel/include/melew3_msgs/AddMd80s.h)
Linked: (/home/mrp/catkin_ws/devel/.private/melew3_msgs/include/melew3_msgs/SetLimitsMd80.h, /home/mrp/catkin_ws/devel/include/melew3_msgs/SetLimitsMd80.h)
Linked: (/home/mrp/catkin_ws/devel/.private/melew3_msgs/include/melew3_msgs/set_pd_gainRequest.h, /home/mrp/catkin_ws/devel/include/melew3_msgs/set_pd_gainRequest.h)
Linked: (/home/mrp/catkin_ws/devel/.private/melew3_msgs/include/melew3_msgs/SetModeMd80s.h, /home/mrp/catkin_ws/devel/include/melew3_msgs/SetModeMd80s.h)
Linked: (/home/mrp/catkin_ws/devel/.private/melew3_msgs/include/melew3_msgs/SetLimitsMd80Response.h, /home/mrp/catkin_ws/devel/include/melew3_msgs/SetLimitsMd80Response.h)
Linked: (/home/mrp/catkin_ws/devel/.private/melew3_msgs/include/melew3_msgs/LinkInfoArray.h, /home/mrp/catkin_ws/devel/include/melew3_msgs/LinkInfoArray.h)
Linked: (/home/mrp/catkin_ws/devel/.private/melew3_msgs/include/melew3_msgs/set_position_zero.h, /home/mrp/catkin_ws/devel/include/melew3_msgs/set_position_zero.h)
Linked: (/home/mrp/catkin_ws/devel/.private/melew3_msgs/include/melew3_msgs/GenericMd80MsgResponse.h, /home/mrp/catkin_ws/devel/include/melew3_msgs/GenericMd80MsgResponse.h)
Linked: (/home/mrp/catkin_ws/devel/.private/melew3_msgs/include/melew3_msgs/FallAvoidanceMotion.h, /home/mrp/catkin_ws/devel/include/melew3_msgs/FallAvoidanceMotion.h)
Linked: (/home/mrp/catkin_ws/devel/.private/melew3_msgs/include/melew3_msgs/SetModeMd80sResponse.h, /home/mrp/catkin_ws/devel/include/melew3_msgs/SetModeMd80sResponse.h)
Linked: (/home/mrp/catkin_ws/devel/.private/melew3_msgs/include/melew3_msgs/set_pd_gainResponse.h, /home/mrp/catkin_ws/devel/include/melew3_msgs/set_pd_gainResponse.h)
Linked: (/home/mrp/catkin_ws/devel/.private/melew3_msgs/include/melew3_msgs/SetLimitsMd80Request.h, /home/mrp/catkin_ws/devel/include/melew3_msgs/SetLimitsMd80Request.h)
Linked: (/home/mrp/catkin_ws/devel/.private/melew3_msgs/include/melew3_msgs/AddMd80sRequest.h, /home/mrp/catkin_ws/devel/include/melew3_msgs/AddMd80sRequest.h)
Linked: (/home/mrp/catkin_ws/devel/.private/melew3_msgs/include/melew3_msgs/motor_info.h, /home/mrp/catkin_ws/devel/include/melew3_msgs/motor_info.h)
Linked: (/home/mrp/catkin_ws/devel/.private/melew3_msgs/include/melew3_msgs/AddMd80sResponse.h, /home/mrp/catkin_ws/devel/include/melew3_msgs/AddMd80sResponse.h)
Linked: (/home/mrp/catkin_ws/devel/.private/melew3_msgs/include/melew3_msgs/enter_control_modeResponse.h, /home/mrp/catkin_ws/devel/include/melew3_msgs/enter_control_modeResponse.h)
Linked: (/home/mrp/catkin_ws/devel/.private/melew3_msgs/include/melew3_msgs/robot_config.h, /home/mrp/catkin_ws/devel/include/melew3_msgs/robot_config.h)
Linked: (/home/mrp/catkin_ws/devel/.private/melew3_msgs/include/melew3_msgs/PointArray.h, /home/mrp/catkin_ws/devel/include/melew3_msgs/PointArray.h)
Linked: (/home/mrp/catkin_ws/devel/.private/melew3_msgs/include/melew3_msgs/SetModeMd80sRequest.h, /home/mrp/catkin_ws/devel/include/melew3_msgs/SetModeMd80sRequest.h)
Linked: (/home/mrp/catkin_ws/devel/.private/melew3_msgs/include/melew3_msgs/waypoint.h, /home/mrp/catkin_ws/devel/include/melew3_msgs/waypoint.h)
Linked: (/home/mrp/catkin_ws/devel/.private/melew3_msgs/include/melew3_msgs/exit_control_mode.h, /home/mrp/catkin_ws/devel/include/melew3_msgs/exit_control_mode.h)
Linked: (/home/mrp/catkin_ws/devel/.private/melew3_msgs/include/melew3_msgs/GenericMd80MsgRequest.h, /home/mrp/catkin_ws/devel/include/melew3_msgs/GenericMd80MsgRequest.h)
Linked: (/home/mrp/catkin_ws/devel/.private/melew3_msgs/include/melew3_msgs/GenericMd80Msg.h, /home/mrp/catkin_ws/devel/include/melew3_msgs/GenericMd80Msg.h)
Linked: (/home/mrp/catkin_ws/devel/.private/melew3_msgs/include/melew3_msgs/enter_control_mode.h, /home/mrp/catkin_ws/devel/include/melew3_msgs/enter_control_mode.h)
Linked: (/home/mrp/catkin_ws/devel/.private/melew3_msgs/include/melew3_msgs/servo_settingResponse.h, /home/mrp/catkin_ws/devel/include/melew3_msgs/servo_settingResponse.h)
Linked: (/home/mrp/catkin_ws/devel/.private/melew3_msgs/include/melew3_msgs/exit_control_modeRequest.h, /home/mrp/catkin_ws/devel/include/melew3_msgs/exit_control_modeRequest.h)
Linked: (/home/mrp/catkin_ws/devel/.private/melew3_msgs/include/melew3_msgs/Motion.h, /home/mrp/catkin_ws/devel/include/melew3_msgs/Motion.h)
Linked: (/home/mrp/catkin_ws/devel/.private/melew3_msgs/include/melew3_msgs/leg_pose.h, /home/mrp/catkin_ws/devel/include/melew3_msgs/leg_pose.h)
Linked: (/home/mrp/catkin_ws/devel/.private/melew3_msgs/include/melew3_msgs/leg_info.h, /home/mrp/catkin_ws/devel/include/melew3_msgs/leg_info.h)
Linked: (/home/mrp/catkin_ws/devel/.private/melew3_msgs/include/melew3_msgs/ImpedanceCommand.h, /home/mrp/catkin_ws/devel/include/melew3_msgs/ImpedanceCommand.h)
Linked: (/home/mrp/catkin_ws/devel/.private/melew3_msgs/lib/pkgconfig/melew3_msgs.pc, /home/mrp/catkin_ws/devel/lib/pkgconfig/melew3_msgs.pc)
Linked: (/home/mrp/catkin_ws/devel/.private/melew3_msgs/lib/python3/dist-packages/melew3_msgs/__init__.py, /home/mrp/catkin_ws/devel/lib/python3/dist-packages/melew3_msgs/__init__.py)
Linked: (/home/mrp/catkin_ws/devel/.private/melew3_msgs/lib/python3/dist-packages/melew3_msgs/msg/_ImpedanceCommand.py, /home/mrp/catkin_ws/devel/lib/python3/dist-packages/melew3_msgs/msg/_ImpedanceCommand.py)
Linked: (/home/mrp/catkin_ws/devel/.private/melew3_msgs/lib/python3/dist-packages/melew3_msgs/msg/_leg_info.py, /home/mrp/catkin_ws/devel/lib/python3/dist-packages/melew3_msgs/msg/_leg_info.py)
Linked: (/home/mrp/catkin_ws/devel/.private/melew3_msgs/lib/python3/dist-packages/melew3_msgs/msg/_LinkInfoArray.py, /home/mrp/catkin_ws/devel/lib/python3/dist-packages/melew3_msgs/msg/_LinkInfoArray.py)
Linked: (/home/mrp/catkin_ws/devel/.private/melew3_msgs/lib/python3/dist-packages/melew3_msgs/msg/_leg_pose.py, /home/mrp/catkin_ws/devel/lib/python3/dist-packages/melew3_msgs/msg/_leg_pose.py)
Linked: (/home/mrp/catkin_ws/devel/.private/melew3_msgs/lib/python3/dist-packages/melew3_msgs/msg/_waypoint.py, /home/mrp/catkin_ws/devel/lib/python3/dist-packages/melew3_msgs/msg/_waypoint.py)
Linked: (/home/mrp/catkin_ws/devel/.private/melew3_msgs/lib/python3/dist-packages/melew3_msgs/msg/_motor_info.py, /home/mrp/catkin_ws/devel/lib/python3/dist-packages/melew3_msgs/msg/_motor_info.py)
Linked: (/home/mrp/catkin_ws/devel/.private/melew3_msgs/lib/python3/dist-packages/melew3_msgs/msg/_leg_info_set.py, /home/mrp/catkin_ws/devel/lib/python3/dist-packages/melew3_msgs/msg/_leg_info_set.py)
Linked: (/home/mrp/catkin_ws/devel/.private/melew3_msgs/lib/python3/dist-packages/melew3_msgs/msg/_PointArray.py, /home/mrp/catkin_ws/devel/lib/python3/dist-packages/melew3_msgs/msg/_PointArray.py)
Linked: (/home/mrp/catkin_ws/devel/.private/melew3_msgs/lib/python3/dist-packages/melew3_msgs/msg/_MotionCommand.py, /home/mrp/catkin_ws/devel/lib/python3/dist-packages/melew3_msgs/msg/_MotionCommand.py)
Linked: (/home/mrp/catkin_ws/devel/.private/melew3_msgs/lib/python3/dist-packages/melew3_msgs/msg/_Motion.py, /home/mrp/catkin_ws/devel/lib/python3/dist-packages/melew3_msgs/msg/_Motion.py)
Linked: (/home/mrp/catkin_ws/devel/.private/melew3_msgs/lib/python3/dist-packages/melew3_msgs/msg/__init__.py, /home/mrp/catkin_ws/devel/lib/python3/dist-packages/melew3_msgs/msg/__init__.py)
Linked: (/home/mrp/catkin_ws/devel/.private/melew3_msgs/lib/python3/dist-packages/melew3_msgs/srv/_FallAvoidanceMotion.py, /home/mrp/catkin_ws/devel/lib/python3/dist-packages/melew3_msgs/srv/_FallAvoidanceMotion.py)
Linked: (/home/mrp/catkin_ws/devel/.private/melew3_msgs/lib/python3/dist-packages/melew3_msgs/srv/_robot_config.py, /home/mrp/catkin_ws/devel/lib/python3/dist-packages/melew3_msgs/srv/_robot_config.py)
Linked: (/home/mrp/catkin_ws/devel/.private/melew3_msgs/lib/python3/dist-packages/melew3_msgs/srv/_servo_setting.py, /home/mrp/catkin_ws/devel/lib/python3/dist-packages/melew3_msgs/srv/_servo_setting.py)
Linked: (/home/mrp/catkin_ws/devel/.private/melew3_msgs/lib/python3/dist-packages/melew3_msgs/srv/_AddMd80s.py, /home/mrp/catkin_ws/devel/lib/python3/dist-packages/melew3_msgs/srv/_AddMd80s.py)
Linked: (/home/mrp/catkin_ws/devel/.private/melew3_msgs/lib/python3/dist-packages/melew3_msgs/srv/_enter_control_mode.py, /home/mrp/catkin_ws/devel/lib/python3/dist-packages/melew3_msgs/srv/_enter_control_mode.py)
Linked: (/home/mrp/catkin_ws/devel/.private/melew3_msgs/lib/python3/dist-packages/melew3_msgs/srv/_exit_control_mode.py, /home/mrp/catkin_ws/devel/lib/python3/dist-packages/melew3_msgs/srv/_exit_control_mode.py)
Linked: (/home/mrp/catkin_ws/devel/.private/melew3_msgs/lib/python3/dist-packages/melew3_msgs/srv/_set_position_zero.py, /home/mrp/catkin_ws/devel/lib/python3/dist-packages/melew3_msgs/srv/_set_position_zero.py)
Linked: (/home/mrp/catkin_ws/devel/.private/melew3_msgs/lib/python3/dist-packages/melew3_msgs/srv/_GenericMd80Msg.py, /home/mrp/catkin_ws/devel/lib/python3/dist-packages/melew3_msgs/srv/_GenericMd80Msg.py)
Linked: (/home/mrp/catkin_ws/devel/.private/melew3_msgs/lib/python3/dist-packages/melew3_msgs/srv/__init__.py, /home/mrp/catkin_ws/devel/lib/python3/dist-packages/melew3_msgs/srv/__init__.py)
Linked: (/home/mrp/catkin_ws/devel/.private/melew3_msgs/lib/python3/dist-packages/melew3_msgs/srv/_SetLimitsMd80.py, /home/mrp/catkin_ws/devel/lib/python3/dist-packages/melew3_msgs/srv/_SetLimitsMd80.py)
Linked: (/home/mrp/catkin_ws/devel/.private/melew3_msgs/lib/python3/dist-packages/melew3_msgs/srv/_SetModeMd80s.py, /home/mrp/catkin_ws/devel/lib/python3/dist-packages/melew3_msgs/srv/_SetModeMd80s.py)
Linked: (/home/mrp/catkin_ws/devel/.private/melew3_msgs/lib/python3/dist-packages/melew3_msgs/srv/_set_pd_gain.py, /home/mrp/catkin_ws/devel/lib/python3/dist-packages/melew3_msgs/srv/_set_pd_gain.py)
