[  0%] Built target sensor_msgs_generate_messages_py
[  0%] Built target std_srvs_generate_messages_py
[  0%] Built target geometry_msgs_generate_messages_py
[  0%] Built target _melew3_msgs_generate_messages_check_deps_set_position_zero
[  0%] Built target _melew3_msgs_generate_messages_check_deps_set_pd_gain
[  0%] Built target _melew3_msgs_generate_messages_check_deps_motor_info
[  0%] Built target _melew3_msgs_generate_messages_check_deps_leg_info_set
[  0%] Built target _melew3_msgs_generate_messages_check_deps_leg_info
[  0%] Built target _melew3_msgs_generate_messages_check_deps_robot_config
[  0%] Built target std_msgs_generate_messages_py
[  0%] Built target _melew3_msgs_generate_messages_check_deps_servo_setting
[  0%] Built target _melew3_msgs_generate_messages_check_deps_LinkInfoArray
[  0%] Built target _melew3_msgs_generate_messages_check_deps_GenericMd80Msg
[  0%] Built target _melew3_msgs_generate_messages_check_deps_MotionCommand
[  0%] Built target _melew3_msgs_generate_messages_check_deps_ImpedanceCommand
[  0%] Built target _melew3_msgs_generate_messages_check_deps_PointArray
[  0%] Built target _melew3_msgs_generate_messages_check_deps_Motion
[  0%] Built target _melew3_msgs_generate_messages_check_deps_FallAvoidanceMotion
[  0%] Built target _melew3_msgs_generate_messages_check_deps_waypoint
[  0%] Built target _melew3_msgs_generate_messages_check_deps_enter_control_mode
[  0%] Built target geometry_msgs_generate_messages_eus
[  0%] Built target _melew3_msgs_generate_messages_check_deps_AddMd80s
[  0%] Built target std_msgs_generate_messages_eus
[  0%] Built target std_srvs_generate_messages_lisp
[  0%] Built target sensor_msgs_generate_messages_eus
[  0%] Built target geometry_msgs_generate_messages_lisp
[  0%] Built target std_msgs_generate_messages_lisp
[  0%] Built target _melew3_msgs_generate_messages_check_deps_leg_pose
[  0%] Built target _melew3_msgs_generate_messages_check_deps_SetModeMd80s
[  0%] Built target std_srvs_generate_messages_eus
[  0%] Built target sensor_msgs_generate_messages_lisp
[  0%] Built target sensor_msgs_generate_messages_nodejs
[  0%] Built target std_msgs_generate_messages_nodejs
[  0%] Built target std_srvs_generate_messages_nodejs
[  0%] Built target _melew3_msgs_generate_messages_check_deps_exit_control_mode
[  0%] Built target geometry_msgs_generate_messages_cpp
[  0%] Built target std_srvs_generate_messages_cpp
[  0%] Built target std_msgs_generate_messages_cpp
[  0%] Built target geometry_msgs_generate_messages_nodejs
[  0%] Built target sensor_msgs_generate_messages_cpp
[  0%] Built target _melew3_msgs_generate_messages_check_deps_SetLimitsMd80
[ 20%] Built target melew3_msgs_generate_messages_cpp
[ 58%] Built target melew3_msgs_generate_messages_eus
[ 60%] Built target melew3_msgs_generate_messages_py
[ 79%] Built target melew3_msgs_generate_messages_nodejs
[100%] Built target melew3_msgs_generate_messages_lisp
[100%] Built target melew3_msgs_generate_messages
