[  1%] Built target pugixml
[  1%] Built target symlink_to_model_PA10
[  1%] Built target symlink_to_model_WAREC1
[  1%] Built target symlink_to_model_misc
[  1%] Built target symlink_to_model_Tank
[  1%] Built target symlink_to_model_AizuSpider
[  1%] Built target symlink_to_model_HRP4C
[  1%] Built target CnoidPyUtil
[  1%] Built target symlink_to_default_materials.yaml
[  1%] Built target symlink_to_model_UniversalRobots
[  1%] Built target symlink_to_model_DoubleArmV7
[  1%] Built target symlink_to_model_house
[  1%] Built target symlink_to_model_AizuWheel
[  1%] Built target symlink_to_model_SR1
[  1%] Built target symlink_to_model_GR001
[  1%] Built target symlink_to_model_RIC30
[  1%] Built target symlink_to_model_Robotiq
[  1%] Built target symlink_to_model_multicopter
[  1%] Built target symlink_to_model_Labo1
[  1%] Built target symlink_to_model_JACO2
[  1%] Built target symlink_to_general_sample_ExtraJoint.py
[  1%] Built target symlink_to_general_sample_FallingBoxes.cnoid
[  1%] Built target symlink_to_general_sample_ConcaveShapeTest.cnoid
[  1%] Built target symlink_to_general_sample_Blocks.cnoid
[  1%] Built target symlink_to_general_sample_ClosedLinkSample.cnoid
[  1%] Built target symlink_to_general_sample_FallingBoxesContactPoints.cnoid
[  1%] Built target symlink_to_general_sample_CustomizedSpringModel.cnoid
[  1%] Built target symlink_to_general_sample_Ragdoll.cnoid
[  1%] Built target symlink_to_SimpleController_sample_HandyRockDrill.cnoid
[  1%] Built target symlink_to_SimpleController_sample_LinkForceControl.cnoid
[  1%] Built target symlink_to_general_sample_ExtraJointSample.cnoid
[  1%] Built target symlink_to_SimpleController_sample_LinkPositionControl.cnoid
[  1%] Built target symlink_to_SimpleController_sample_ConveyorSample.cnoid
[ 14%] Built target CnoidUtil
[ 14%] Built target symlink_to_SimpleController_sample_SampleCrawlerJoystick.cnoid
[ 14%] Built target symlink_to_SimpleController_sample_AizuSpiderSS.cnoid
[ 14%] Built target symlink_to_SimpleController_sample_UR10Pickup.cnoid
[ 14%] Built target symlink_to_SimpleController_sample_TankVisionSensors.cnoid
[ 14%] Built target symlink_to_SimpleController_sample_UR3Pickup.cnoid
[ 14%] Built target symlink_to_SimpleController_sample_AizuSpiderDS.cnoid
[ 14%] Built target symlink_to_SimpleController_sample_UR5Pickup.cnoid
[ 14%] Built target symlink_to_SimpleController_sample_AizuWheel.cnoid
[ 14%] Built target symlink_to_SimpleController_sample_SampleCrawler.cnoid
[ 14%] Built target symlink_to_SimpleController_sample_ControlledSpringModel.cnoid
[ 14%] Built target symlink_to_SimpleController_sample_PA10Pickup.cnoid
[ 14%] Built target symlink_to_SimpleController_sample_SampleCrawlerSlope.cnoid
[ 14%] Built target symlink_to_SimpleController_sample_AizuSpiderNS.cnoid
[ 14%] Built target symlink_to_SimpleController_sample_SR1WalkSlippy.cnoid
[ 14%] Built target symlink_to_SimpleController_sample_Tank.cnoid
[ 14%] Built target symlink_to_SimpleController_sample_SR1Walk.cnoid
[ 14%] Built target symlink_to_SimpleController_sample_SR1WalkinHouse.cnoid
[ 14%] Built target symlink_to_SimpleController_sample_PendulumSample.cnoid
[ 14%] Built target symlink_to_SimpleController_sample_DoubleArmV7S.cnoid
[ 14%] Built target symlink_to_SimpleController_sample_SR1Minimum.cnoid
[ 14%] Built target symlink_to_SimpleController_sample_SlippyMaterialSet.yaml
[ 14%] Built target symlink_to_SimpleController_sample_SR1Walk2D.cnoid
[ 14%] Built target symlink_to_SimpleController_sample_FourWheelCarJoystick.cnoid
[ 14%] Built target symlink_to_SimpleController_sample_SR1Liftup.cnoid
[ 14%] Built target Labo1Customizer
[ 15%] Built target CnoidAssimpSceneLoader
[ 15%] Built target SpringModelCustomizer
[ 15%] Built target PyQtGui
[ 16%] Built target PyQtCore
[ 18%] Built target CnoidGLSceneRenderer
[ 23%] Built target CnoidAISTCollisionDetector
[ 24%] Built target PyQtWidgets
[ 27%] Built target PyUtil
[ 40%] Built target CnoidBody
[ 40%] Built target CnoidURDFBodyLoader
[ 41%] Built target ClosedLinkSampleHandler
[ 41%] Built target PA10PickupController
[ 41%] Built target HandyRockDrillController
[ 42%] Built target PyBody
[ 43%] Built target SampleCrawlerJoystickController
[ 43%] Built target UniversalRobotPickupController
[ 43%] Built target SampleCrawlerController
[ 43%] Built target LinkForceController
[ 43%] Built target SR1WalkPatternController
[ 43%] Built target SR1LiftupController
[ 43%] Built target ConveyorController
[ 43%] Built target SR1MinimumController
[ 44%] Built target DoubleArmV7Controller
[ 44%] Built target AizuWheelController
[ 45%] Built target TankJoystickController
[ 45%] Built target FourWheelCarJoystickController
[ 76%] Built target CnoidBase
[ 77%] Built target Jaco2Controller
[ 77%] Built target SpringModelController
[ 77%] Built target AizuSpiderController
[ 77%] Built target CameraSampleController
[ 78%] Built target SR1WalkGraspController
[ 78%] Built target PendulumSampleController
[ 79%] Built target LinkPositionController
[ 79%] Built target choreonoid
[ 79%] Built target CnoidAssimpPlugin
[ 80%] Built target CnoidPyBase
[ 81%] Built target CnoidPythonPlugin
[ 81%] Built target PyPythonPlugin
[ 84%] Built target PyBase
[ 97%] Built target CnoidBodyPlugin
[ 98%] Built target CnoidURDFPlugin
[ 99%] Built target CnoidPythonSimScriptPlugin
[100%] Built target PyBodyPlugin
[100%] Built target PyPythonSimScriptPlugin
